#
# A fatal error has been detected by the Java Runtime Environment:
#
#  EXCEPTION_ACCESS_VIOLATION (0xc0000005) at pc=0x000000007110b5db, pid=6988, tid=14952
#
# JRE version: OpenJDK Runtime Environment (21.0.2+13) (build 21.0.2+13-58)
# Java VM: OpenJDK 64-Bit Server VM (21.0.2+13-58, mixed mode, sharing, tiered, compressed oops, compressed class ptrs, g1 gc, windows-amd64)
# Problematic frame:
# C  [jSSC-2.8_x86_64.dll+0xb5db]
#
# No core dump will be written. Minidumps are not enabled by default on client versions of Windows
#
# If you would like to submit a bug report, please visit:
#   https://bugreport.java.com/bugreport/crash.jsp
# The crash happened outside the Java Virtual Machine in native code.
# See problematic frame for where to report the bug.
#

---------------  S U M M A R Y ------------

Command Line: -javaagent:C:\Users\sukhi\AppData\Local\JetBrains\Toolbox\apps\IDEA-C\ch-0\221.5591.52\lib\idea_rt.jar=50109:C:\Users\sukhi\AppData\Local\JetBrains\Toolbox\apps\IDEA-C\ch-0\221.5591.52\bin -Dfile.encoding=UTF-8 MainClass

Host: 11th Gen Intel(R) Core(TM) i7-1165G7 @ 2.80GHz, 8 cores, 15G,  Windows 10 , 64 bit Build 19041 (10.0.19041.3636)
Time: Sun Apr  7 00:12:12 2024 Eastern Daylight Time elapsed time: 0.262891 seconds (0d 0h 0m 0s)

---------------  T H R E A D  ---------------

Current thread (0x0000021f15f6b310):  JavaThread "main"             [_thread_in_native, id=14952, stack(0x0000007636600000,0x0000007636700000) (1024K)]

Stack: [0x0000007636600000,0x0000007636700000],  sp=0x00000076366fee00,  free space=1019k
Native frames: (J=compiled Java code, j=interpreted, Vv=VM code, C=native code)
C  [jSSC-2.8_x86_64.dll+0xb5db]

Java frames: (J=compiled Java code, j=interpreted, Vv=VM code)
j  jssc.SerialNativeInterface.openPort(Ljava/lang/String;Z)J+0
j  jssc.SerialPort.openPort()Z+65
j  org.firmata4j.transport.SerialTransport.start()V+14
j  org.firmata4j.firmata.FirmataDevice.start()V+24
j  BoardInitialization.initializeBoard(Ljava/lang/String;)Lorg/firmata4j/IODevice;+10
j  MainClass.main([Ljava/lang/String;)V+4
v  ~StubRoutines::call_stub 0x0000021f271210e7

siginfo: EXCEPTION_ACCESS_VIOLATION (0xc0000005), reading address 0x00000000160b1f5f


Registers:
RAX=0x00000000160b1f5f, RBX=0x00000076366fee70, RCX=0x00007ffa21cad1c4, RDX=0x0000000000000000
RSP=0x00000076366fee00, RBP=0x00000076366fef80, RSI=0x0000021f15f6b6c8, RDI=0x0000000000000468
R8 =0x00000076366fecf8, R9 =0x00000076366fedf0, R10=0x0000000000000000, R11=0x0000000000000246
R12=0x00000076366ff040, R13=0x0000021f37596b60, R14=0x00000076366fef30, R15=0x0000021f15f6b310
RIP=0x000000007110b5db, EFLAGS=0x0000000000010202


Register to memory mapping:

RAX=0x00000000160b1f5f is an unknown value
RBX=0x00000076366fee70 is pointing into the stack for thread: 0x0000021f15f6b310
RCX=0x00007ffa21cad1c4 ntdll.dll
RDX=0x0 is null
RSP=0x00000076366fee00 is pointing into the stack for thread: 0x0000021f15f6b310
RBP=0x00000076366fef80 is pointing into the stack for thread: 0x0000021f15f6b310
RSI=0x0000021f15f6b6c8 points into unknown readable memory: 0x00007ff9de5fe600 | 00 e6 5f de f9 7f 00 00
RDI=0x0000000000000468 is an unknown value
R8 =0x00000076366fecf8 is pointing into the stack for thread: 0x0000021f15f6b310
R9 =0x00000076366fedf0 is pointing into the stack for thread: 0x0000021f15f6b310
R10=0x0 is null
R11=0x0000000000000246 is an unknown value
R12=0x00000076366ff040 is pointing into the stack for thread: 0x0000021f15f6b310
R13=0x0000021f37596b60 points into unknown readable memory: 0x00050000354d4f43 | 43 4f 4d 35 00 00 05 00
R14=0x00000076366fef30 is pointing into the stack for thread: 0x0000021f15f6b310
R15=0x0000021f15f6b310 is a thread

Top of Stack: (sp=0x00000076366fee00)
0x00000076366fee00:   0000021f37599b30 0000021f375968c0
0x00000076366fee10:   000000007110b230 0000021f15d60000
0x00000076366fee20:   0000021f15cc0000 0000000000000004
0x00000076366fee30:   0000021f15f6b6c8 0000000000000468
0x00000076366fee40:   00000076366fef80 0000000071112590
0x00000076366fee50:   0000021f15f6b310 00000076366fef30
0x00000076366fee60:   0000021f37596b60 00000076366ff040
0x00000076366fee70:   0000021f37596b60 00007ffa21c347b1
0x00000076366fee80:   00000076366feeb0 0000021f15d60000
0x00000076366fee90:   00000076366fef80 0000000000000000
0x00000076366feea0:   0000000071113500 0000000071113be8
0x00000076366feeb0:   00000076366feee0 0000000071112641
0x00000076366feec0:   00000076366fee50 0000021f15f6b6c8
0x00000076366feed0:   0000000000000000 0000000000000000
0x00000076366feee0:   00000076366fef80 0000000071101595
0x00000076366feef0:   000000000000001c 0000021f00000000
0x00000076366fef00:   00000076366fef40 00000076366ff048
0x00000076366fef10:   0000021f00000003 00007ff940000000
0x00000076366fef20:   0000000000000000 0000000000000996
0x00000076366fef30:   354d4f435c2e5c5c 0000021f15f6b300
0x00000076366fef40:   000002005c2e5c5c 0000021f15f6b310
0x00000076366fef50:   0000021f794457f0 00000000000001c5
0x00000076366fef60:   0000021f79027ec0 0000000000000000
0x00000076366fef70:   0000021f794457f0 00000076366ff048
0x00000076366fef80:   00000076366ff018 0000021f2712cf0b
0x00000076366fef90:   0000021f79027ec0 0000021f2712cbe2
0x00000076366fefa0:   0000021f794457f0 00000000000001c5
0x00000076366fefb0:   00000076366fefe0 00000076366ff038
0x00000076366fefc0:   0000021f271289b8 0000021f2712cb9f
0x00000076366fefd0:   00000076366fefd0 0000021f794457f0
0x00000076366fefe0:   0000000000000006 0000021f79446710
0x00000076366feff0:   0000000000000000 0000000712adf5b8 

Instructions: (pc=0x000000007110b5db)
0x000000007110b4db:   48 85 c0 74 bf 44 8b 03 45 85 c0 0f 84 77 ff ff
0x000000007110b4eb:   ff eb 9f 66 90 e8 8b fe ff ff 48 89 05 0c 34 01
0x000000007110b4fb:   00 eb ad 66 90 e8 7b fe ff ff 48 89 05 fc 33 01
0x000000007110b50b:   00 eb 8b e8 8d fe ff ff c7 03 01 00 00 00 e9 6f
0x000000007110b51b:   ff ff ff 66 90 55 48 89 e5 56 53 48 83 ec 20 48
0x000000007110b52b:   8b 05 d7 33 01 00 48 8b 31 48 89 cb 48 85 c0 74
0x000000007110b53b:   56 44 8b 18 45 85 db 78 42 48 8b 05 bd 33 01 00
0x000000007110b54b:   48 85 c0 74 50 44 8b 10 45 85 d2 74 1d 48 89 f1
0x000000007110b55b:   e8 d0 fd ff ff 48 8b 13 48 8d 42 40 48 8b 48 08
0x000000007110b56b:   48 8b 6a 40 48 8b 60 10 ff e1 48 8b 05 9c 33 01
0x000000007110b57b:   00 48 85 c0 74 2d 48 89 30 eb da e8 b5 fe ff ff
0x000000007110b58b:   0f 1f 44 00 00 eb b2 e8 e9 fd ff ff 48 89 05 6a
0x000000007110b59b:   33 01 00 eb 9c e8 db fd ff ff 48 89 05 5c 33 01
0x000000007110b5ab:   00 eb a2 e8 3d fd ff ff 48 89 05 5e 33 01 00 eb
0x000000007110b5bb:   c5 0f 1f 40 00 55 57 56 53 48 83 ec 28 48 8b 05
0x000000007110b5cb:   39 33 01 00 48 89 cb 48 85 c0 0f 84 c5 00 00 00
0x000000007110b5db:   8b 38 85 ff 0f 88 ab 00 00 00 48 8b 05 1c 33 01
0x000000007110b5eb:   00 48 85 c0 0f 84 bc 00 00 00 8b 30 85 f6 74 57
0x000000007110b5fb:   48 8b 05 0e 33 01 00 48 85 c0 0f 84 e5 00 00 00
0x000000007110b60b:   8b 28 48 8b 35 10 5e 01 00 ff d6 89 c7 89 e9 ff
0x000000007110b61b:   15 f4 5e 01 00 89 f9 48 89 c5 ff 15 b9 5e 01 00
0x000000007110b62b:   48 8b 05 de 32 01 00 48 89 2b 48 85 c0 74 46 48
0x000000007110b63b:   89 da 8b 08 ff 15 d7 5e 01 00 85 c0 74 27 48 83
0x000000007110b64b:   c4 28 5b 5e 5f 5d c3 48 8b 05 bf 32 01 00 48 85
0x000000007110b65b:   c0 74 64 48 8b 10 48 89 13 48 89 18 48 83 c4 28
0x000000007110b66b:   5b 5e 5f 5d c3 48 89 f2 48 83 c4 28 5b 5e 5f 5d
0x000000007110b67b:   48 ff e2 66 90 e8 8b fc ff ff 48 89 05 84 32 01
0x000000007110b68b:   00 eb ac 66 90 e8 ab fd ff ff e9 4b ff ff ff 66
0x000000007110b69b:   0f 1f 44 00 00 e8 db fc ff ff 48 89 05 5c 32 01
0x000000007110b6ab:   00 e9 2a ff ff ff e8 ca fc ff ff 48 89 05 4b 32
0x000000007110b6bb:   01 00 e9 33 ff ff ff e8 29 fc ff ff 48 89 05 4a
0x000000007110b6cb:   32 01 00 48 8b 10 48 85 c0 48 89 13 75 8b e8 12 


Stack slot to memory mapping:

stack at sp + 0 slots: 0x0000021f37599b30 points into unknown readable memory: 0x005c002e005c005c | 5c 00 5c 00 2e 00 5c 00
stack at sp + 1 slots: 0x0000021f375968c0 points into unknown readable memory: 0x0000021f375964e0 | e0 64 59 37 1f 02 00 00
stack at sp + 2 slots: 0x000000007110b230 jSSC-2.8_x86_64.dll
stack at sp + 3 slots: 0x0000021f15d60000 points into unknown readable memory: 0x0000000000000000 | 00 00 00 00 00 00 00 00
stack at sp + 4 slots: 0x0000021f15cc0000 points into unknown readable memory: 0x0000000000000000 | 00 00 00 00 00 00 00 00
stack at sp + 5 slots: 0x0000000000000004 is an unknown value
stack at sp + 6 slots: 0x0000021f15f6b6c8 points into unknown readable memory: 0x00007ff9de5fe600 | 00 e6 5f de f9 7f 00 00
stack at sp + 7 slots: 0x0000000000000468 is an unknown value


---------------  P R O C E S S  ---------------

Threads class SMR info:
_java_thread_list=0x0000021f374b6b00, length=13, elements={
0x0000021f15f6b310, 0x0000021f37030900, 0x0000021f37032920, 0x0000021f37034900,
0x0000021f370378c0, 0x0000021f37038410, 0x0000021f3703af70, 0x0000021f370478d0,
0x0000021f37048460, 0x0000021f36ff6a50, 0x0000021f37464190, 0x0000021f3746ac00,
0x0000021f37594720
}

Java Threads: ( => current thread )
=>0x0000021f15f6b310 JavaThread "main"                              [_thread_in_native, id=14952, stack(0x0000007636600000,0x0000007636700000) (1024K)]
  0x0000021f37030900 JavaThread "Reference Handler"          daemon [_thread_blocked, id=6992, stack(0x0000007636e00000,0x0000007636f00000) (1024K)]
  0x0000021f37032920 JavaThread "Finalizer"                  daemon [_thread_blocked, id=17132, stack(0x0000007636f00000,0x0000007637000000) (1024K)]
  0x0000021f37034900 JavaThread "Signal Dispatcher"          daemon [_thread_blocked, id=18020, stack(0x0000007637000000,0x0000007637100000) (1024K)]
  0x0000021f370378c0 JavaThread "Attach Listener"            daemon [_thread_blocked, id=5412, stack(0x0000007637100000,0x0000007637200000) (1024K)]
  0x0000021f37038410 JavaThread "Service Thread"             daemon [_thread_blocked, id=3012, stack(0x0000007637200000,0x0000007637300000) (1024K)]
  0x0000021f3703af70 JavaThread "Monitor Deflation Thread"   daemon [_thread_blocked, id=11992, stack(0x0000007637300000,0x0000007637400000) (1024K)]
  0x0000021f370478d0 JavaThread "C2 CompilerThread0"         daemon [_thread_blocked, id=13856, stack(0x0000007637400000,0x0000007637500000) (1024K)]
  0x0000021f37048460 JavaThread "C1 CompilerThread0"         daemon [_thread_blocked, id=5584, stack(0x0000007637500000,0x0000007637600000) (1024K)]
  0x0000021f36ff6a50 JavaThread "Common-Cleaner"             daemon [_thread_blocked, id=10456, stack(0x0000007637600000,0x0000007637700000) (1024K)]
  0x0000021f37464190 JavaThread "Monitor Ctrl-Break"         daemon [_thread_in_native, id=5436, stack(0x0000007637700000,0x0000007637800000) (1024K)]
  0x0000021f3746ac00 JavaThread "Notification Thread"        daemon [_thread_blocked, id=2556, stack(0x0000007637800000,0x0000007637900000) (1024K)]
  0x0000021f37594720 JavaThread "firmata-parser-thread"      daemon [_thread_blocked, id=5184, stack(0x0000007637900000,0x0000007637a00000) (1024K)]
Total: 13

Other Threads:
  0x0000021f3700f0e0 VMThread "VM Thread"                           [id=16424, stack(0x0000007636d00000,0x0000007636e00000) (1024K)]
  0x0000021f36ff57e0 WatcherThread "VM Periodic Task Thread"        [id=10944, stack(0x0000007636c00000,0x0000007636d00000) (1024K)]
  0x0000021f15fd15f0 WorkerThread "GC Thread#0"                     [id=7880, stack(0x0000007636700000,0x0000007636800000) (1024K)]
  0x0000021f15fe2450 ConcurrentGCThread "G1 Main Marker"            [id=2792, stack(0x0000007636800000,0x0000007636900000) (1024K)]
  0x0000021f15fe2f50 WorkerThread "G1 Conc#0"                       [id=3688, stack(0x0000007636900000,0x0000007636a00000) (1024K)]
  0x0000021f1603eaa0 ConcurrentGCThread "G1 Refine#0"               [id=17280, stack(0x0000007636a00000,0x0000007636b00000) (1024K)]
  0x0000021f36ec8b50 ConcurrentGCThread "G1 Service"                [id=17228, stack(0x0000007636b00000,0x0000007636c00000) (1024K)]
Total: 7

Threads with active compile tasks:
Total: 0

VM state: not at safepoint (normal execution)

VM Mutex/Monitor currently owned by a thread: None

Heap address: 0x0000000703200000, size: 4046 MB, Compressed Oops mode: Zero based, Oop shift amount: 3

CDS archive(s) mapped at: [0x0000021f38000000-0x0000021f38c90000-0x0000021f38c90000), size 13172736, SharedBaseAddress: 0x0000021f38000000, ArchiveRelocationMode: 1.
Compressed class space mapped at: 0x0000021f39000000-0x0000021f79000000, reserved size: 1073741824
Narrow klass base: 0x0000021f38000000, Narrow klass shift: 0, Narrow klass range: 0x100000000

GC Precious Log:
 CardTable entry size: 512
 Card Set container configuration: InlinePtr #cards 4 size 8 Array Of Cards #cards 16 size 48 Howl #buckets 8 coarsen threshold 3686 Howl Bitmap #cards 512 size 80 coarsen threshold 460 Card regions per heap region 1 cards per card region 4096
 CPUs: 8 total, 8 available
 Memory: 16183M
 Large Page Support: Disabled
 NUMA Support: Disabled
 Compressed Oops: Enabled (Zero based)
 Heap Region Size: 2M
 Heap Min Capacity: 8M
 Heap Initial Capacity: 254M
 Heap Max Capacity: 4046M
 Pre-touch: Disabled
 Parallel Workers: 8
 Concurrent Workers: 2
 Concurrent Refinement Workers: 8
 Periodic GC: Disabled

Heap:
 garbage-first heap   total 260096K, used 4096K [0x0000000703200000, 0x0000000800000000)
  region size 2048K, 3 young (6144K), 0 survivors (0K)
 Metaspace       used 1684K, committed 1792K, reserved 1114112K
  class space    used 165K, committed 192K, reserved 1048576K

Heap Regions: E=young(eden), S=young(survivor), O=old, HS=humongous(starts), HC=humongous(continues), CS=collection set, F=free, TAMS=top-at-mark-start, PB=parsable bottom
|   0|0x0000000703200000, 0x0000000703200000, 0x0000000703400000|  0%| F|  |TAMS 0x0000000703200000| PB 0x0000000703200000| Untracked 
|   1|0x0000000703400000, 0x0000000703400000, 0x0000000703600000|  0%| F|  |TAMS 0x0000000703400000| PB 0x0000000703400000| Untracked 
|   2|0x0000000703600000, 0x0000000703600000, 0x0000000703800000|  0%| F|  |TAMS 0x0000000703600000| PB 0x0000000703600000| Untracked 
|   3|0x0000000703800000, 0x0000000703800000, 0x0000000703a00000|  0%| F|  |TAMS 0x0000000703800000| PB 0x0000000703800000| Untracked 
|   4|0x0000000703a00000, 0x0000000703a00000, 0x0000000703c00000|  0%| F|  |TAMS 0x0000000703a00000| PB 0x0000000703a00000| Untracked 
|   5|0x0000000703c00000, 0x0000000703c00000, 0x0000000703e00000|  0%| F|  |TAMS 0x0000000703c00000| PB 0x0000000703c00000| Untracked 
|   6|0x0000000703e00000, 0x0000000703e00000, 0x0000000704000000|  0%| F|  |TAMS 0x0000000703e00000| PB 0x0000000703e00000| Untracked 
|   7|0x0000000704000000, 0x0000000704000000, 0x0000000704200000|  0%| F|  |TAMS 0x0000000704000000| PB 0x0000000704000000| Untracked 
|   8|0x0000000704200000, 0x0000000704200000, 0x0000000704400000|  0%| F|  |TAMS 0x0000000704200000| PB 0x0000000704200000| Untracked 
|   9|0x0000000704400000, 0x0000000704400000, 0x0000000704600000|  0%| F|  |TAMS 0x0000000704400000| PB 0x0000000704400000| Untracked 
|  10|0x0000000704600000, 0x0000000704600000, 0x0000000704800000|  0%| F|  |TAMS 0x0000000704600000| PB 0x0000000704600000| Untracked 
|  11|0x0000000704800000, 0x0000000704800000, 0x0000000704a00000|  0%| F|  |TAMS 0x0000000704800000| PB 0x0000000704800000| Untracked 
|  12|0x0000000704a00000, 0x0000000704a00000, 0x0000000704c00000|  0%| F|  |TAMS 0x0000000704a00000| PB 0x0000000704a00000| Untracked 
|  13|0x0000000704c00000, 0x0000000704c00000, 0x0000000704e00000|  0%| F|  |TAMS 0x0000000704c00000| PB 0x0000000704c00000| Untracked 
|  14|0x0000000704e00000, 0x0000000704e00000, 0x0000000705000000|  0%| F|  |TAMS 0x0000000704e00000| PB 0x0000000704e00000| Untracked 
|  15|0x0000000705000000, 0x0000000705000000, 0x0000000705200000|  0%| F|  |TAMS 0x0000000705000000| PB 0x0000000705000000| Untracked 
|  16|0x0000000705200000, 0x0000000705200000, 0x0000000705400000|  0%| F|  |TAMS 0x0000000705200000| PB 0x0000000705200000| Untracked 
|  17|0x0000000705400000, 0x0000000705400000, 0x0000000705600000|  0%| F|  |TAMS 0x0000000705400000| PB 0x0000000705400000| Untracked 
|  18|0x0000000705600000, 0x0000000705600000, 0x0000000705800000|  0%| F|  |TAMS 0x0000000705600000| PB 0x0000000705600000| Untracked 
|  19|0x0000000705800000, 0x0000000705800000, 0x0000000705a00000|  0%| F|  |TAMS 0x0000000705800000| PB 0x0000000705800000| Untracked 
|  20|0x0000000705a00000, 0x0000000705a00000, 0x0000000705c00000|  0%| F|  |TAMS 0x0000000705a00000| PB 0x0000000705a00000| Untracked 
|  21|0x0000000705c00000, 0x0000000705c00000, 0x0000000705e00000|  0%| F|  |TAMS 0x0000000705c00000| PB 0x0000000705c00000| Untracked 
|  22|0x0000000705e00000, 0x0000000705e00000, 0x0000000706000000|  0%| F|  |TAMS 0x0000000705e00000| PB 0x0000000705e00000| Untracked 
|  23|0x0000000706000000, 0x0000000706000000, 0x0000000706200000|  0%| F|  |TAMS 0x0000000706000000| PB 0x0000000706000000| Untracked 
|  24|0x0000000706200000, 0x0000000706200000, 0x0000000706400000|  0%| F|  |TAMS 0x0000000706200000| PB 0x0000000706200000| Untracked 
|  25|0x0000000706400000, 0x0000000706400000, 0x0000000706600000|  0%| F|  |TAMS 0x0000000706400000| PB 0x0000000706400000| Untracked 
|  26|0x0000000706600000, 0x0000000706600000, 0x0000000706800000|  0%| F|  |TAMS 0x0000000706600000| PB 0x0000000706600000| Untracked 
|  27|0x0000000706800000, 0x0000000706800000, 0x0000000706a00000|  0%| F|  |TAMS 0x0000000706800000| PB 0x0000000706800000| Untracked 
|  28|0x0000000706a00000, 0x0000000706a00000, 0x0000000706c00000|  0%| F|  |TAMS 0x0000000706a00000| PB 0x0000000706a00000| Untracked 
|  29|0x0000000706c00000, 0x0000000706c00000, 0x0000000706e00000|  0%| F|  |TAMS 0x0000000706c00000| PB 0x0000000706c00000| Untracked 
|  30|0x0000000706e00000, 0x0000000706e00000, 0x0000000707000000|  0%| F|  |TAMS 0x0000000706e00000| PB 0x0000000706e00000| Untracked 
|  31|0x0000000707000000, 0x0000000707000000, 0x0000000707200000|  0%| F|  |TAMS 0x0000000707000000| PB 0x0000000707000000| Untracked 
|  32|0x0000000707200000, 0x0000000707200000, 0x0000000707400000|  0%| F|  |TAMS 0x0000000707200000| PB 0x0000000707200000| Untracked 
|  33|0x0000000707400000, 0x0000000707400000, 0x0000000707600000|  0%| F|  |TAMS 0x0000000707400000| PB 0x0000000707400000| Untracked 
|  34|0x0000000707600000, 0x0000000707600000, 0x0000000707800000|  0%| F|  |TAMS 0x0000000707600000| PB 0x0000000707600000| Untracked 
|  35|0x0000000707800000, 0x0000000707800000, 0x0000000707a00000|  0%| F|  |TAMS 0x0000000707800000| PB 0x0000000707800000| Untracked 
|  36|0x0000000707a00000, 0x0000000707a00000, 0x0000000707c00000|  0%| F|  |TAMS 0x0000000707a00000| PB 0x0000000707a00000| Untracked 
|  37|0x0000000707c00000, 0x0000000707c00000, 0x0000000707e00000|  0%| F|  |TAMS 0x0000000707c00000| PB 0x0000000707c00000| Untracked 
|  38|0x0000000707e00000, 0x0000000707e00000, 0x0000000708000000|  0%| F|  |TAMS 0x0000000707e00000| PB 0x0000000707e00000| Untracked 
|  39|0x0000000708000000, 0x0000000708000000, 0x0000000708200000|  0%| F|  |TAMS 0x0000000708000000| PB 0x0000000708000000| Untracked 
|  40|0x0000000708200000, 0x0000000708200000, 0x0000000708400000|  0%| F|  |TAMS 0x0000000708200000| PB 0x0000000708200000| Untracked 
|  41|0x0000000708400000, 0x0000000708400000, 0x0000000708600000|  0%| F|  |TAMS 0x0000000708400000| PB 0x0000000708400000| Untracked 
|  42|0x0000000708600000, 0x0000000708600000, 0x0000000708800000|  0%| F|  |TAMS 0x0000000708600000| PB 0x0000000708600000| Untracked 
|  43|0x0000000708800000, 0x0000000708800000, 0x0000000708a00000|  0%| F|  |TAMS 0x0000000708800000| PB 0x0000000708800000| Untracked 
|  44|0x0000000708a00000, 0x0000000708a00000, 0x0000000708c00000|  0%| F|  |TAMS 0x0000000708a00000| PB 0x0000000708a00000| Untracked 
|  45|0x0000000708c00000, 0x0000000708c00000, 0x0000000708e00000|  0%| F|  |TAMS 0x0000000708c00000| PB 0x0000000708c00000| Untracked 
|  46|0x0000000708e00000, 0x0000000708e00000, 0x0000000709000000|  0%| F|  |TAMS 0x0000000708e00000| PB 0x0000000708e00000| Untracked 
|  47|0x0000000709000000, 0x0000000709000000, 0x0000000709200000|  0%| F|  |TAMS 0x0000000709000000| PB 0x0000000709000000| Untracked 
|  48|0x0000000709200000, 0x0000000709200000, 0x0000000709400000|  0%| F|  |TAMS 0x0000000709200000| PB 0x0000000709200000| Untracked 
|  49|0x0000000709400000, 0x0000000709400000, 0x0000000709600000|  0%| F|  |TAMS 0x0000000709400000| PB 0x0000000709400000| Untracked 
|  50|0x0000000709600000, 0x0000000709600000, 0x0000000709800000|  0%| F|  |TAMS 0x0000000709600000| PB 0x0000000709600000| Untracked 
|  51|0x0000000709800000, 0x0000000709800000, 0x0000000709a00000|  0%| F|  |TAMS 0x0000000709800000| PB 0x0000000709800000| Untracked 
|  52|0x0000000709a00000, 0x0000000709a00000, 0x0000000709c00000|  0%| F|  |TAMS 0x0000000709a00000| PB 0x0000000709a00000| Untracked 
|  53|0x0000000709c00000, 0x0000000709c00000, 0x0000000709e00000|  0%| F|  |TAMS 0x0000000709c00000| PB 0x0000000709c00000| Untracked 
|  54|0x0000000709e00000, 0x0000000709e00000, 0x000000070a000000|  0%| F|  |TAMS 0x0000000709e00000| PB 0x0000000709e00000| Untracked 
|  55|0x000000070a000000, 0x000000070a000000, 0x000000070a200000|  0%| F|  |TAMS 0x000000070a000000| PB 0x000000070a000000| Untracked 
|  56|0x000000070a200000, 0x000000070a200000, 0x000000070a400000|  0%| F|  |TAMS 0x000000070a200000| PB 0x000000070a200000| Untracked 
|  57|0x000000070a400000, 0x000000070a400000, 0x000000070a600000|  0%| F|  |TAMS 0x000000070a400000| PB 0x000000070a400000| Untracked 
|  58|0x000000070a600000, 0x000000070a600000, 0x000000070a800000|  0%| F|  |TAMS 0x000000070a600000| PB 0x000000070a600000| Untracked 
|  59|0x000000070a800000, 0x000000070a800000, 0x000000070aa00000|  0%| F|  |TAMS 0x000000070a800000| PB 0x000000070a800000| Untracked 
|  60|0x000000070aa00000, 0x000000070aa00000, 0x000000070ac00000|  0%| F|  |TAMS 0x000000070aa00000| PB 0x000000070aa00000| Untracked 
|  61|0x000000070ac00000, 0x000000070ac00000, 0x000000070ae00000|  0%| F|  |TAMS 0x000000070ac00000| PB 0x000000070ac00000| Untracked 
|  62|0x000000070ae00000, 0x000000070ae00000, 0x000000070b000000|  0%| F|  |TAMS 0x000000070ae00000| PB 0x000000070ae00000| Untracked 
|  63|0x000000070b000000, 0x000000070b000000, 0x000000070b200000|  0%| F|  |TAMS 0x000000070b000000| PB 0x000000070b000000| Untracked 
|  64|0x000000070b200000, 0x000000070b200000, 0x000000070b400000|  0%| F|  |TAMS 0x000000070b200000| PB 0x000000070b200000| Untracked 
|  65|0x000000070b400000, 0x000000070b400000, 0x000000070b600000|  0%| F|  |TAMS 0x000000070b400000| PB 0x000000070b400000| Untracked 
|  66|0x000000070b600000, 0x000000070b600000, 0x000000070b800000|  0%| F|  |TAMS 0x000000070b600000| PB 0x000000070b600000| Untracked 
|  67|0x000000070b800000, 0x000000070b800000, 0x000000070ba00000|  0%| F|  |TAMS 0x000000070b800000| PB 0x000000070b800000| Untracked 
|  68|0x000000070ba00000, 0x000000070ba00000, 0x000000070bc00000|  0%| F|  |TAMS 0x000000070ba00000| PB 0x000000070ba00000| Untracked 
|  69|0x000000070bc00000, 0x000000070bc00000, 0x000000070be00000|  0%| F|  |TAMS 0x000000070bc00000| PB 0x000000070bc00000| Untracked 
|  70|0x000000070be00000, 0x000000070be00000, 0x000000070c000000|  0%| F|  |TAMS 0x000000070be00000| PB 0x000000070be00000| Untracked 
|  71|0x000000070c000000, 0x000000070c000000, 0x000000070c200000|  0%| F|  |TAMS 0x000000070c000000| PB 0x000000070c000000| Untracked 
|  72|0x000000070c200000, 0x000000070c200000, 0x000000070c400000|  0%| F|  |TAMS 0x000000070c200000| PB 0x000000070c200000| Untracked 
|  73|0x000000070c400000, 0x000000070c400000, 0x000000070c600000|  0%| F|  |TAMS 0x000000070c400000| PB 0x000000070c400000| Untracked 
|  74|0x000000070c600000, 0x000000070c600000, 0x000000070c800000|  0%| F|  |TAMS 0x000000070c600000| PB 0x000000070c600000| Untracked 
|  75|0x000000070c800000, 0x000000070c800000, 0x000000070ca00000|  0%| F|  |TAMS 0x000000070c800000| PB 0x000000070c800000| Untracked 
|  76|0x000000070ca00000, 0x000000070ca00000, 0x000000070cc00000|  0%| F|  |TAMS 0x000000070ca00000| PB 0x000000070ca00000| Untracked 
|  77|0x000000070cc00000, 0x000000070cc00000, 0x000000070ce00000|  0%| F|  |TAMS 0x000000070cc00000| PB 0x000000070cc00000| Untracked 
|  78|0x000000070ce00000, 0x000000070ce00000, 0x000000070d000000|  0%| F|  |TAMS 0x000000070ce00000| PB 0x000000070ce00000| Untracked 
|  79|0x000000070d000000, 0x000000070d000000, 0x000000070d200000|  0%| F|  |TAMS 0x000000070d000000| PB 0x000000070d000000| Untracked 
|  80|0x000000070d200000, 0x000000070d200000, 0x000000070d400000|  0%| F|  |TAMS 0x000000070d200000| PB 0x000000070d200000| Untracked 
|  81|0x000000070d400000, 0x000000070d400000, 0x000000070d600000|  0%| F|  |TAMS 0x000000070d400000| PB 0x000000070d400000| Untracked 
|  82|0x000000070d600000, 0x000000070d600000, 0x000000070d800000|  0%| F|  |TAMS 0x000000070d600000| PB 0x000000070d600000| Untracked 
|  83|0x000000070d800000, 0x000000070d800000, 0x000000070da00000|  0%| F|  |TAMS 0x000000070d800000| PB 0x000000070d800000| Untracked 
|  84|0x000000070da00000, 0x000000070da00000, 0x000000070dc00000|  0%| F|  |TAMS 0x000000070da00000| PB 0x000000070da00000| Untracked 
|  85|0x000000070dc00000, 0x000000070dc00000, 0x000000070de00000|  0%| F|  |TAMS 0x000000070dc00000| PB 0x000000070dc00000| Untracked 
|  86|0x000000070de00000, 0x000000070de00000, 0x000000070e000000|  0%| F|  |TAMS 0x000000070de00000| PB 0x000000070de00000| Untracked 
|  87|0x000000070e000000, 0x000000070e000000, 0x000000070e200000|  0%| F|  |TAMS 0x000000070e000000| PB 0x000000070e000000| Untracked 
|  88|0x000000070e200000, 0x000000070e200000, 0x000000070e400000|  0%| F|  |TAMS 0x000000070e200000| PB 0x000000070e200000| Untracked 
|  89|0x000000070e400000, 0x000000070e400000, 0x000000070e600000|  0%| F|  |TAMS 0x000000070e400000| PB 0x000000070e400000| Untracked 
|  90|0x000000070e600000, 0x000000070e600000, 0x000000070e800000|  0%| F|  |TAMS 0x000000070e600000| PB 0x000000070e600000| Untracked 
|  91|0x000000070e800000, 0x000000070e800000, 0x000000070ea00000|  0%| F|  |TAMS 0x000000070e800000| PB 0x000000070e800000| Untracked 
|  92|0x000000070ea00000, 0x000000070ea00000, 0x000000070ec00000|  0%| F|  |TAMS 0x000000070ea00000| PB 0x000000070ea00000| Untracked 
|  93|0x000000070ec00000, 0x000000070ec00000, 0x000000070ee00000|  0%| F|  |TAMS 0x000000070ec00000| PB 0x000000070ec00000| Untracked 
|  94|0x000000070ee00000, 0x000000070ee00000, 0x000000070f000000|  0%| F|  |TAMS 0x000000070ee00000| PB 0x000000070ee00000| Untracked 
|  95|0x000000070f000000, 0x000000070f000000, 0x000000070f200000|  0%| F|  |TAMS 0x000000070f000000| PB 0x000000070f000000| Untracked 
|  96|0x000000070f200000, 0x000000070f200000, 0x000000070f400000|  0%| F|  |TAMS 0x000000070f200000| PB 0x000000070f200000| Untracked 
|  97|0x000000070f400000, 0x000000070f400000, 0x000000070f600000|  0%| F|  |TAMS 0x000000070f400000| PB 0x000000070f400000| Untracked 
|  98|0x000000070f600000, 0x000000070f600000, 0x000000070f800000|  0%| F|  |TAMS 0x000000070f600000| PB 0x000000070f600000| Untracked 
|  99|0x000000070f800000, 0x000000070f800000, 0x000000070fa00000|  0%| F|  |TAMS 0x000000070f800000| PB 0x000000070f800000| Untracked 
| 100|0x000000070fa00000, 0x000000070fa00000, 0x000000070fc00000|  0%| F|  |TAMS 0x000000070fa00000| PB 0x000000070fa00000| Untracked 
| 101|0x000000070fc00000, 0x000000070fc00000, 0x000000070fe00000|  0%| F|  |TAMS 0x000000070fc00000| PB 0x000000070fc00000| Untracked 
| 102|0x000000070fe00000, 0x000000070fe00000, 0x0000000710000000|  0%| F|  |TAMS 0x000000070fe00000| PB 0x000000070fe00000| Untracked 
| 103|0x0000000710000000, 0x0000000710000000, 0x0000000710200000|  0%| F|  |TAMS 0x0000000710000000| PB 0x0000000710000000| Untracked 
| 104|0x0000000710200000, 0x0000000710200000, 0x0000000710400000|  0%| F|  |TAMS 0x0000000710200000| PB 0x0000000710200000| Untracked 
| 105|0x0000000710400000, 0x0000000710400000, 0x0000000710600000|  0%| F|  |TAMS 0x0000000710400000| PB 0x0000000710400000| Untracked 
| 106|0x0000000710600000, 0x0000000710600000, 0x0000000710800000|  0%| F|  |TAMS 0x0000000710600000| PB 0x0000000710600000| Untracked 
| 107|0x0000000710800000, 0x0000000710800000, 0x0000000710a00000|  0%| F|  |TAMS 0x0000000710800000| PB 0x0000000710800000| Untracked 
| 108|0x0000000710a00000, 0x0000000710a00000, 0x0000000710c00000|  0%| F|  |TAMS 0x0000000710a00000| PB 0x0000000710a00000| Untracked 
| 109|0x0000000710c00000, 0x0000000710c00000, 0x0000000710e00000|  0%| F|  |TAMS 0x0000000710c00000| PB 0x0000000710c00000| Untracked 
| 110|0x0000000710e00000, 0x0000000710e00000, 0x0000000711000000|  0%| F|  |TAMS 0x0000000710e00000| PB 0x0000000710e00000| Untracked 
| 111|0x0000000711000000, 0x0000000711000000, 0x0000000711200000|  0%| F|  |TAMS 0x0000000711000000| PB 0x0000000711000000| Untracked 
| 112|0x0000000711200000, 0x0000000711200000, 0x0000000711400000|  0%| F|  |TAMS 0x0000000711200000| PB 0x0000000711200000| Untracked 
| 113|0x0000000711400000, 0x0000000711400000, 0x0000000711600000|  0%| F|  |TAMS 0x0000000711400000| PB 0x0000000711400000| Untracked 
| 114|0x0000000711600000, 0x0000000711600000, 0x0000000711800000|  0%| F|  |TAMS 0x0000000711600000| PB 0x0000000711600000| Untracked 
| 115|0x0000000711800000, 0x0000000711800000, 0x0000000711a00000|  0%| F|  |TAMS 0x0000000711800000| PB 0x0000000711800000| Untracked 
| 116|0x0000000711a00000, 0x0000000711a00000, 0x0000000711c00000|  0%| F|  |TAMS 0x0000000711a00000| PB 0x0000000711a00000| Untracked 
| 117|0x0000000711c00000, 0x0000000711c00000, 0x0000000711e00000|  0%| F|  |TAMS 0x0000000711c00000| PB 0x0000000711c00000| Untracked 
| 118|0x0000000711e00000, 0x0000000711e00000, 0x0000000712000000|  0%| F|  |TAMS 0x0000000711e00000| PB 0x0000000711e00000| Untracked 
| 119|0x0000000712000000, 0x0000000712000000, 0x0000000712200000|  0%| F|  |TAMS 0x0000000712000000| PB 0x0000000712000000| Untracked 
| 120|0x0000000712200000, 0x0000000712200000, 0x0000000712400000|  0%| F|  |TAMS 0x0000000712200000| PB 0x0000000712200000| Untracked 
| 121|0x0000000712400000, 0x0000000712400000, 0x0000000712600000|  0%| F|  |TAMS 0x0000000712400000| PB 0x0000000712400000| Untracked 
| 122|0x0000000712600000, 0x0000000712600000, 0x0000000712800000|  0%| F|  |TAMS 0x0000000712600000| PB 0x0000000712600000| Untracked 
| 123|0x0000000712800000, 0x0000000712800000, 0x0000000712a00000|  0%| F|  |TAMS 0x0000000712800000| PB 0x0000000712800000| Untracked 
| 124|0x0000000712a00000, 0x0000000712bcc2e0, 0x0000000712c00000| 89%| E|  |TAMS 0x0000000712a00000| PB 0x0000000712a00000| Complete 
| 125|0x0000000712c00000, 0x0000000712e00000, 0x0000000712e00000|100%| E|CS|TAMS 0x0000000712c00000| PB 0x0000000712c00000| Complete 
| 126|0x0000000712e00000, 0x0000000713000000, 0x0000000713000000|100%| E|CS|TAMS 0x0000000712e00000| PB 0x0000000712e00000| Complete 

Card table byte_map: [0x0000021f2fe50000,0x0000021f30640000] _byte_map_base: 0x0000021f2c637000

Marking Bits: (CMBitMap*) 0x0000021f15fd1cf0
 Bits: [0x0000021f30640000, 0x0000021f34578000)

Polling page: 0x0000021f16040000

Metaspace:

Usage:
  Non-class:      1.48 MB used.
      Class:    165.38 KB used.
       Both:      1.65 MB used.

Virtual space:
  Non-class space:       64.00 MB reserved,       1.56 MB (  2%) committed,  1 nodes.
      Class space:        1.00 GB reserved,     192.00 KB ( <1%) committed,  1 nodes.
             Both:        1.06 GB reserved,       1.75 MB ( <1%) committed. 

Chunk freelists:
   Non-Class:  11.69 MB
       Class:  15.69 MB
        Both:  27.38 MB

MaxMetaspaceSize: unlimited
CompressedClassSpaceSize: 1.00 GB
Initial GC threshold: 21.00 MB
Current GC threshold: 21.00 MB
CDS: on
 - commit_granule_bytes: 65536.
 - commit_granule_words: 8192.
 - virtual_space_node_default_size: 8388608.
 - enlarge_chunks_in_place: 1.
 - use_allocation_guard: 0.


Internal statistics:

num_allocs_failed_limit: 0.
num_arena_births: 44.
num_arena_deaths: 0.
num_vsnodes_births: 2.
num_vsnodes_deaths: 0.
num_space_committed: 28.
num_space_uncommitted: 0.
num_chunks_returned_to_freelist: 0.
num_chunks_taken_from_freelist: 70.
num_chunk_merges: 0.
num_chunk_splits: 41.
num_chunks_enlarged: 26.
num_inconsistent_stats: 0.

CodeHeap 'non-profiled nmethods': size=120000Kb used=129Kb max_used=129Kb free=119870Kb
 bounds [0x0000021f276c0000, 0x0000021f27930000, 0x0000021f2ebf0000]
CodeHeap 'profiled nmethods': size=120000Kb used=612Kb max_used=612Kb free=119387Kb
 bounds [0x0000021f1fbf0000, 0x0000021f1fe60000, 0x0000021f27120000]
CodeHeap 'non-nmethods': size=5760Kb used=1432Kb max_used=1443Kb free=4327Kb
 bounds [0x0000021f27120000, 0x0000021f27390000, 0x0000021f276c0000]
 total_blobs=843 nmethods=418 adapters=330
 compilation: enabled
              stopped_count=0, restarted_count=0
 full_count=0

Compilation events (20 events):
Event: 0.191 Thread 0x0000021f37048460 nmethod 409 0x0000021f1fc85310 code [0x0000021f1fc85520, 0x0000021f1fc859d8]
Event: 0.191 Thread 0x0000021f37048460  410       3       java.util.jar.JarFile::getJarEntry (9 bytes)
Event: 0.191 Thread 0x0000021f37048460 nmethod 410 0x0000021f1fc85b90 code [0x0000021f1fc85d80, 0x0000021f1fc86250]
Event: 0.191 Thread 0x0000021f37048460  411       3       java.util.jar.JarFile::getEntry (35 bytes)
Event: 0.191 Thread 0x0000021f37048460 nmethod 411 0x0000021f1fc86390 code [0x0000021f1fc865a0, 0x0000021f1fc86a40]
Event: 0.191 Thread 0x0000021f37048460  412       1       java.security.CodeSource::getLocation (5 bytes)
Event: 0.191 Thread 0x0000021f37048460 nmethod 412 0x0000021f276df690 code [0x0000021f276df820, 0x0000021f276df8f0]
Event: 0.191 Thread 0x0000021f37048460  414       3       java.lang.invoke.MemberName::isConstructor (8 bytes)
Event: 0.191 Thread 0x0000021f37048460 nmethod 414 0x0000021f1fc86b90 code [0x0000021f1fc86d40, 0x0000021f1fc86f10]
Event: 0.191 Thread 0x0000021f37048460  415       3       java.lang.invoke.MethodType$ConcurrentWeakInternSet$WeakEntry::<init> (15 bytes)
Event: 0.192 Thread 0x0000021f37048460 nmethod 415 0x0000021f1fc87010 code [0x0000021f1fc871e0, 0x0000021f1fc875f8]
Event: 0.192 Thread 0x0000021f370478d0 nmethod 407 0x0000021f276df990 code [0x0000021f276dfb20, 0x0000021f276dfcf0]
Event: 0.192 Thread 0x0000021f370478d0  413       4       java.lang.StringLatin1::indexOfChar (33 bytes)
Event: 0.193 Thread 0x0000021f37048460  416       1       java.lang.invoke.MethodHandles$Lookup::previousLookupClass (5 bytes)
Event: 0.193 Thread 0x0000021f37048460 nmethod 416 0x0000021f276dfe10 code [0x0000021f276dffa0, 0x0000021f276e0070]
Event: 0.193 Thread 0x0000021f37048460  417       3       sun.invoke.util.VerifyAccess::isClassAccessible (230 bytes)
Event: 0.193 Thread 0x0000021f370478d0 nmethod 413 0x0000021f276e0110 code [0x0000021f276e02a0, 0x0000021f276e0428]
Event: 0.193 Thread 0x0000021f37048460 nmethod 417 0x0000021f1fc87790 code [0x0000021f1fc87aa0, 0x0000021f1fc88910]
Event: 0.194 Thread 0x0000021f37048460  418       3       java.util.ArrayDeque::inc (12 bytes)
Event: 0.194 Thread 0x0000021f37048460 nmethod 418 0x0000021f1fc88d10 code [0x0000021f1fc88ea0, 0x0000021f1fc88fc8]

GC Heap History (0 events):
No events

Dll operation events (12 events):
Event: 0.006 Loaded shared library C:\Users\sukhi\.jdks\openjdk-21.0.2\bin\java.dll
Event: 0.031 Loaded shared library C:\Users\sukhi\.jdks\openjdk-21.0.2\bin\jsvml.dll
Event: 0.070 Loaded shared library C:\Users\sukhi\.jdks\openjdk-21.0.2\bin\zip.dll
Event: 0.073 Loaded shared library C:\Users\sukhi\.jdks\openjdk-21.0.2\bin\instrument.dll
Event: 0.078 Loaded shared library C:\Users\sukhi\.jdks\openjdk-21.0.2\bin\net.dll
Event: 0.080 Loaded shared library C:\Users\sukhi\.jdks\openjdk-21.0.2\bin\nio.dll
Event: 0.083 Loaded shared library C:\Users\sukhi\.jdks\openjdk-21.0.2\bin\zip.dll
Event: 0.100 Loaded shared library C:\Users\sukhi\AppData\Local\JetBrains\Toolbox\apps\IDEA-C\ch-0\221.5591.52\bin\breakgen64.dll
Event: 0.108 Loaded shared library C:\Users\sukhi\.jdks\openjdk-21.0.2\bin\extnet.dll
Event: 0.116 Loaded shared library C:\Users\sukhi\.jdks\openjdk-21.0.2\bin\verify.dll
Event: 0.120 Loaded shared library C:\Users\sukhi\.jdks\openjdk-21.0.2\bin\jimage.dll
Event: 0.188 Loaded shared library C:\Users\sukhi\.jssc\windows\jSSC-2.8_x86_64.dll

Deoptimization events (8 events):
Event: 0.101 Thread 0x0000021f15f6b310 Uncommon trap: trap_request=0xffffff45 fr.pc=0x0000021f276cffe4 relative=0x00000000000000c4
Event: 0.101 Thread 0x0000021f15f6b310 Uncommon trap: reason=unstable_if action=reinterpret pc=0x0000021f276cffe4 method=java.lang.String.isLatin1()Z @ 10 c2
Event: 0.101 Thread 0x0000021f15f6b310 DEOPT PACKING pc=0x0000021f276cffe4 sp=0x00000076366fed50
Event: 0.101 Thread 0x0000021f15f6b310 DEOPT UNPACKING pc=0x0000021f27177da2 sp=0x00000076366fec90 mode 2
Event: 0.143 Thread 0x0000021f15f6b310 DEOPT PACKING pc=0x0000021f1fc1c978 sp=0x00000076366fd420
Event: 0.143 Thread 0x0000021f15f6b310 DEOPT UNPACKING pc=0x0000021f271788e2 sp=0x00000076366fc840 mode 0
Event: 0.191 Thread 0x0000021f15f6b310 DEOPT PACKING pc=0x0000021f1fbfa4d8 sp=0x00000076366fe040
Event: 0.191 Thread 0x0000021f15f6b310 DEOPT UNPACKING pc=0x0000021f271788e2 sp=0x00000076366fd4a8 mode 0

Classes loaded (20 events):
Event: 0.189 Loading class java/util/Collections$SynchronizedRandomAccessList
Event: 0.189 Loading class java/util/Collections$SynchronizedList
Event: 0.189 Loading class java/util/Collections$SynchronizedList done
Event: 0.189 Loading class java/util/Collections$SynchronizedRandomAccessList done
Event: 0.189 Loading class java/util/concurrent/atomic/AtomicBoolean
Event: 0.189 Loading class java/util/concurrent/atomic/AtomicBoolean done
Event: 0.192 Loading class java/util/concurrent/Executors
Event: 0.192 Loading class java/util/concurrent/Executors done
Event: 0.192 Loading class java/util/concurrent/Executors$AutoShutdownDelegatedExecutorService
Event: 0.192 Loading class java/util/concurrent/Executors$DelegatedExecutorService
Event: 0.192 Loading class java/util/concurrent/Executors$DelegatedExecutorService done
Event: 0.192 Loading class java/util/concurrent/Executors$AutoShutdownDelegatedExecutorService done
Event: 0.192 Loading class java/util/concurrent/ThreadPoolExecutor
Event: 0.192 Loading class java/util/concurrent/ThreadPoolExecutor done
Event: 0.192 Loading class java/util/concurrent/ThreadPoolExecutor$AbortPolicy
Event: 0.192 Loading class java/util/concurrent/RejectedExecutionHandler
Event: 0.192 Loading class java/util/concurrent/RejectedExecutionHandler done
Event: 0.192 Loading class java/util/concurrent/ThreadPoolExecutor$AbortPolicy done
Event: 0.193 Loading class java/util/concurrent/ArrayBlockingQueue
Event: 0.194 Loading class java/util/concurrent/ArrayBlockingQueue done

Classes unloaded (0 events):
No events

Classes redefined (0 events):
No events

Internal exceptions (8 events):
Event: 0.093 Thread 0x0000021f15f6b310 Exception <a 'java/lang/NoSuchMethodError'{0x0000000712d3b840}: 'void java.lang.invoke.DirectMethodHandle$Holder.invokeStatic(java.lang.Object, java.lang.Object, java.lang.Object)'> (0x0000000712d3b840) 
thrown [s\open\src\hotspot\share\interpreter\linkResolver.cpp, line 773]
Event: 0.097 Thread 0x0000021f15f6b310 Exception <a 'java/lang/NoSuchMethodError'{0x0000000712d52f90}: 'java.lang.Object java.lang.invoke.Invokers$Holder.invokeExact_MT(java.lang.Object, java.lang.Object, java.lang.Object, java.lang.Object, java.lang.Object)'> (0x0000000712d52f90) 
thrown [s\open\src\hotspot\share\interpreter\linkResolver.cpp, line 773]
Event: 0.109 Thread 0x0000021f37464190 Exception <a 'java/lang/NoSuchMethodError'{0x0000000712dcbd98}: 'void java.lang.invoke.DirectMethodHandle$Holder.invokeStatic(java.lang.Object, java.lang.Object)'> (0x0000000712dcbd98) 
thrown [s\open\src\hotspot\share\interpreter\linkResolver.cpp, line 773]
Event: 0.135 Thread 0x0000021f15f6b310 Exception <a 'java/lang/NoSuchMethodError'{0x0000000712a42660}: 'java.lang.ClassLoader java.lang.Thread.getContextClassLoader(java.lang.Class)'> (0x0000000712a42660) 
thrown [s\open\src\hotspot\share\interpreter\linkResolver.cpp, line 773]
Event: 0.135 Thread 0x0000021f15f6b310 Exception <a 'java/lang/NoSuchMethodError'{0x0000000712a47878}: 'java.lang.Object java.lang.invoke.DirectMethodHandle$Holder.invokeStatic(java.lang.Object, java.lang.Object, int)'> (0x0000000712a47878) 
thrown [s\open\src\hotspot\share\interpreter\linkResolver.cpp, line 773]
Event: 0.136 Thread 0x0000021f15f6b310 Exception <a 'java/lang/NoSuchMethodError'{0x0000000712a52e70}: 'void java.lang.invoke.DelegatingMethodHandle$Holder.delegate(java.lang.Object, java.lang.Object, int, java.lang.Object)'> (0x0000000712a52e70) 
thrown [s\open\src\hotspot\share\interpreter\linkResolver.cpp, line 773]
Event: 0.137 Thread 0x0000021f15f6b310 Exception <a 'java/lang/NoSuchMethodError'{0x0000000712a56b50}: 'int java.lang.invoke.DirectMethodHandle$Holder.invokeSpecial(java.lang.Object, java.lang.Object, java.lang.Object)'> (0x0000000712a56b50) 
thrown [s\open\src\hotspot\share\interpreter\linkResolver.cpp, line 773]
Event: 0.143 Thread 0x0000021f15f6b310 Exception <a 'java/lang/NoClassDefFoundError'{0x0000000712a88bf0}: org/apache/log4j/Category> (0x0000000712a88bf0) 
thrown [s\open\src\hotspot\share\classfile\systemDictionary.cpp, line 301]

ZGC Phase Switch (0 events):
No events

VM Operations (4 events):
Event: 0.057 Executing VM operation: HandshakeAllThreads (Deoptimize)
Event: 0.057 Executing VM operation: HandshakeAllThreads (Deoptimize) done
Event: 0.142 Executing VM operation: HandshakeAllThreads (Deoptimize)
Event: 0.142 Executing VM operation: HandshakeAllThreads (Deoptimize) done

Events (13 events):
Event: 0.019 Thread 0x0000021f15f6b310 Thread added: 0x0000021f15f6b310
Event: 0.029 Thread 0x0000021f37030900 Thread added: 0x0000021f37030900
Event: 0.029 Thread 0x0000021f37032920 Thread added: 0x0000021f37032920
Event: 0.029 Thread 0x0000021f37034900 Thread added: 0x0000021f37034900
Event: 0.029 Thread 0x0000021f370378c0 Thread added: 0x0000021f370378c0
Event: 0.029 Thread 0x0000021f37038410 Thread added: 0x0000021f37038410
Event: 0.029 Thread 0x0000021f3703af70 Thread added: 0x0000021f3703af70
Event: 0.029 Thread 0x0000021f370478d0 Thread added: 0x0000021f370478d0
Event: 0.029 Thread 0x0000021f37048460 Thread added: 0x0000021f37048460
Event: 0.052 Thread 0x0000021f36ff6a50 Thread added: 0x0000021f36ff6a50
Event: 0.101 Thread 0x0000021f37464190 Thread added: 0x0000021f37464190
Event: 0.101 Thread 0x0000021f3746ac00 Thread added: 0x0000021f3746ac00
Event: 0.194 Thread 0x0000021f37594720 Thread added: 0x0000021f37594720


Dynamic libraries:
0x00007ff647440000 - 0x00007ff64744e000 	C:\Users\sukhi\.jdks\openjdk-21.0.2\bin\java.exe
0x00007ffa21c10000 - 0x00007ffa21e08000 	C:\Windows\SYSTEM32\ntdll.dll
0x00007ffa20160000 - 0x00007ffa2021d000 	C:\Windows\System32\KERNEL32.DLL
0x00007ffa1f2c0000 - 0x00007ffa1f5b6000 	C:\Windows\System32\KERNELBASE.dll
0x00007ffa1f5c0000 - 0x00007ffa1f6c0000 	C:\Windows\System32\ucrtbase.dll
0x00007ff9f9b50000 - 0x00007ff9f9b68000 	C:\Users\sukhi\.jdks\openjdk-21.0.2\bin\jli.dll
0x00007ff9f9b30000 - 0x00007ff9f9b4b000 	C:\Users\sukhi\.jdks\openjdk-21.0.2\bin\VCRUNTIME140.dll
0x00007ffa21910000 - 0x00007ffa21aae000 	C:\Windows\System32\USER32.dll
0x00007ffa1f900000 - 0x00007ffa1f922000 	C:\Windows\System32\win32u.dll
0x00007ff9fed80000 - 0x00007ff9ff01a000 	C:\Windows\WinSxS\amd64_microsoft.windows.common-controls_6595b64144ccf1df_6.0.19041.3636_none_60b6a03d71f818d5\COMCTL32.dll
0x00007ffa21780000 - 0x00007ffa217ab000 	C:\Windows\System32\GDI32.dll
0x00007ffa20d70000 - 0x00007ffa20e0e000 	C:\Windows\System32\msvcrt.dll
0x00007ffa1fb20000 - 0x00007ffa1fc37000 	C:\Windows\System32\gdi32full.dll
0x00007ffa1fa30000 - 0x00007ffa1facd000 	C:\Windows\System32\msvcp_win.dll
0x00007ffa20330000 - 0x00007ffa20362000 	C:\Windows\System32\IMM32.DLL
0x00007ffa08430000 - 0x00007ffa0843c000 	C:\Users\sukhi\.jdks\openjdk-21.0.2\bin\vcruntime140_1.dll
0x00007ff9f8f10000 - 0x00007ff9f8f9e000 	C:\Users\sukhi\.jdks\openjdk-21.0.2\bin\msvcp140.dll
0x00007ff9dda40000 - 0x00007ff9de757000 	C:\Users\sukhi\.jdks\openjdk-21.0.2\bin\server\jvm.dll
0x00007ffa20280000 - 0x00007ffa20330000 	C:\Windows\System32\ADVAPI32.dll
0x00007ffa20c20000 - 0x00007ffa20cc0000 	C:\Windows\System32\sechost.dll
0x00007ffa20030000 - 0x00007ffa20155000 	C:\Windows\System32\RPCRT4.dll
0x00007ffa1f8d0000 - 0x00007ffa1f8f7000 	C:\Windows\System32\bcrypt.dll
0x00007ffa21b60000 - 0x00007ffa21bcb000 	C:\Windows\System32\WS2_32.dll
0x00007ffa1e860000 - 0x00007ffa1e8ab000 	C:\Windows\SYSTEM32\POWRPROF.dll
0x00007ffa16760000 - 0x00007ffa1676a000 	C:\Windows\SYSTEM32\VERSION.dll
0x00007ffa0d1b0000 - 0x00007ffa0d1d7000 	C:\Windows\SYSTEM32\WINMM.dll
0x00007ffa1e6d0000 - 0x00007ffa1e6e2000 	C:\Windows\SYSTEM32\UMPDC.dll
0x00007ffa1d150000 - 0x00007ffa1d162000 	C:\Windows\SYSTEM32\kernel.appcore.dll
0x00007ff9fa310000 - 0x00007ff9fa31a000 	C:\Users\sukhi\.jdks\openjdk-21.0.2\bin\jimage.dll
0x00007ffa16570000 - 0x00007ffa16754000 	C:\Windows\SYSTEM32\DBGHELP.DLL
0x00007ffa0d170000 - 0x00007ffa0d1a4000 	C:\Windows\SYSTEM32\dbgcore.DLL
0x00007ffa1f930000 - 0x00007ffa1f9b2000 	C:\Windows\System32\bcryptPrimitives.dll
0x00007ff9f9b20000 - 0x00007ff9f9b2f000 	C:\Users\sukhi\.jdks\openjdk-21.0.2\bin\instrument.dll
0x00007ff9f9a40000 - 0x00007ff9f9a5f000 	C:\Users\sukhi\.jdks\openjdk-21.0.2\bin\java.dll
0x00007ffa20450000 - 0x00007ffa20bbb000 	C:\Windows\System32\SHELL32.dll
0x00007ffa1d370000 - 0x00007ffa1db0e000 	C:\Windows\SYSTEM32\windows.storage.dll
0x00007ffa1fc40000 - 0x00007ffa1ff93000 	C:\Windows\System32\combase.dll
0x00007ffa1ecf0000 - 0x00007ffa1ed1e000 	C:\Windows\SYSTEM32\Wldp.dll
0x00007ffa20e10000 - 0x00007ffa20edd000 	C:\Windows\System32\OLEAUT32.dll
0x00007ffa21ab0000 - 0x00007ffa21b5d000 	C:\Windows\System32\SHCORE.dll
0x00007ffa20bc0000 - 0x00007ffa20c15000 	C:\Windows\System32\shlwapi.dll
0x00007ffa1f1f0000 - 0x00007ffa1f215000 	C:\Windows\SYSTEM32\profapi.dll
0x00007ff9f8e30000 - 0x00007ff9f8f07000 	C:\Users\sukhi\.jdks\openjdk-21.0.2\bin\jsvml.dll
0x00007ff9f9a20000 - 0x00007ff9f9a38000 	C:\Users\sukhi\.jdks\openjdk-21.0.2\bin\zip.dll
0x00007ff9f9b10000 - 0x00007ff9f9b20000 	C:\Users\sukhi\.jdks\openjdk-21.0.2\bin\net.dll
0x00007ffa17260000 - 0x00007ffa1736a000 	C:\Windows\SYSTEM32\WINHTTP.dll
0x00007ffa1ea50000 - 0x00007ffa1eaba000 	C:\Windows\system32\mswsock.dll
0x00007ff9f9630000 - 0x00007ff9f9646000 	C:\Users\sukhi\.jdks\openjdk-21.0.2\bin\nio.dll
0x00007ff9f94b0000 - 0x00007ff9f94ca000 	C:\Users\sukhi\AppData\Local\JetBrains\Toolbox\apps\IDEA-C\ch-0\221.5591.52\bin\breakgen64.dll
0x00007ff9f9a10000 - 0x00007ff9f9a19000 	C:\Users\sukhi\.jdks\openjdk-21.0.2\bin\extnet.dll
0x00007ff9f94a0000 - 0x00007ff9f94b0000 	C:\Users\sukhi\.jdks\openjdk-21.0.2\bin\verify.dll
0x0000000071100000 - 0x0000000071125000 	C:\Users\sukhi\.jssc\windows\jSSC-2.8_x86_64.dll

dbghelp: loaded successfully - version: 4.0.5 - missing functions: none
symbol engine: initialized successfully - sym options: 0x614 - pdb path: .;C:\Users\sukhi\.jdks\openjdk-21.0.2\bin;C:\Windows\SYSTEM32;C:\Windows\WinSxS\amd64_microsoft.windows.common-controls_6595b64144ccf1df_6.0.19041.3636_none_60b6a03d71f818d5;C:\Users\sukhi\.jdks\openjdk-21.0.2\bin\server;C:\Users\sukhi\AppData\Local\JetBrains\Toolbox\apps\IDEA-C\ch-0\221.5591.52\bin;C:\Users\sukhi\.jssc\windows

VM Arguments:
jvm_args: -javaagent:C:\Users\sukhi\AppData\Local\JetBrains\Toolbox\apps\IDEA-C\ch-0\221.5591.52\lib\idea_rt.jar=50109:C:\Users\sukhi\AppData\Local\JetBrains\Toolbox\apps\IDEA-C\ch-0\221.5591.52\bin -Dfile.encoding=UTF-8 
java_command: MainClass
java_class_path (initial): C:\Users\sukhi\IdeaProjects\BonusProject\out\production\BonusProject;C:\Users\sukhi\.m2\repository\com\github\kurbatov\firmata4j\2.3.8\firmata4j-2.3.8.jar;C:\Users\sukhi\.m2\repository\org\scream3r\jssc\2.8.0\jssc-2.8.0.jar;C:\Users\sukhi\.m2\repository\org\slf4j\slf4j-api\1.7.25\slf4j-api-1.7.25.jar;C:\Users\sukhi\.m2\repository\io\github\java-native\jssc\2.9.4\jssc-2.9.4.jar;C:\Users\sukhi\.m2\repository\org\scijava\native-lib-loader\2.3.6\native-lib-loader-2.3.6.jar;C:\Users\sukhi\.m2\repository\org\slf4j\slf4j-api\1.7.30\slf4j-api-1.7.30.jar;C:\Users\sukhi\.m2\repository\junit\junit\4.13.2\junit-4.13.2.jar;C:\Users\sukhi\.m2\repository\org\hamcrest\hamcrest-core\1.3\hamcrest-core-1.3.jar;C:\Users\sukhi\.m2\repository\org\slf4j\slf4j-jcl\1.7.3\slf4j-jcl-1.7.3.jar;C:\Users\sukhi\.m2\repository\org\slf4j\slf4j-api\1.7.3\slf4j-api-1.7.3.jar;C:\Users\sukhi\.m2\repository\commons-logging\commons-logging\1.1.1\commons-logging-1.1.1.jar;C:\Users\sukhi\Downloads\jfreechart-1.5.3.jar
Launcher Type: SUN_STANDARD

[Global flags]
     intx CICompilerCount                          = 4                                         {product} {ergonomic}
     uint ConcGCThreads                            = 2                                         {product} {ergonomic}
     uint G1ConcRefinementThreads                  = 8                                         {product} {ergonomic}
   size_t G1HeapRegionSize                         = 2097152                                   {product} {ergonomic}
    uintx GCDrainStackTargetSize                   = 64                                        {product} {ergonomic}
   size_t InitialHeapSize                          = 266338304                                 {product} {ergonomic}
   size_t MarkStackSize                            = 4194304                                   {product} {ergonomic}
   size_t MaxHeapSize                              = 4242538496                                {product} {ergonomic}
   size_t MaxNewSize                               = 2543845376                                {product} {ergonomic}
   size_t MinHeapDeltaBytes                        = 2097152                                   {product} {ergonomic}
   size_t MinHeapSize                              = 8388608                                   {product} {ergonomic}
    uintx NonNMethodCodeHeapSize                   = 5839372                                {pd product} {ergonomic}
    uintx NonProfiledCodeHeapSize                  = 122909434                              {pd product} {ergonomic}
    uintx ProfiledCodeHeapSize                     = 122909434                              {pd product} {ergonomic}
    uintx ReservedCodeCacheSize                    = 251658240                              {pd product} {ergonomic}
     bool SegmentedCodeCache                       = true                                      {product} {ergonomic}
   size_t SoftMaxHeapSize                          = 4242538496                             {manageable} {ergonomic}
     bool UseCompressedOops                        = true                           {product lp64_product} {ergonomic}
     bool UseG1GC                                  = true                                      {product} {ergonomic}
     bool UseLargePagesIndividualAllocation        = false                                  {pd product} {ergonomic}

Logging:
Log output configuration:
 #0: stdout all=warning uptime,level,tags foldmultilines=false
 #1: stderr all=off uptime,level,tags foldmultilines=false

Environment Variables:
PATH=C:\Program Files\Common Files\Oracle\Java\javapath;C:\Program Files (x86)\Common Files\Oracle\Java\javapath;C:\Program Files (x86)\Razer Chroma SDK\bin;C:\Program Files\Razer Chroma SDK\bin;C:\Program Files (x86)\Razer\ChromaBroadcast\bin;C:\Program Files\Razer\ChromaBroadcast\bin;C:\Windows\system32;C:\Windows;C:\Windows\System32\Wbem;C:\Windows\System32\WindowsPowerShell\v1.0\;C:\Windows\System32\OpenSSH\;C:\Program Files\Microsoft SQL Server\120\Tools\Binn\;C:\Windows\system32\config\systemprofile\AppData\Local\Microsoft\WindowsApps;C:\Program Files\MATLAB\R2022a\bin;C:\Program Files\MATLAB\R2021b\bin;C:\Program Files\Git\cmd;C:\Users\sukhi\AppData\Local\Microsoft\WindowsApps;C:\Users\sukhi\AppData\Local\JetBrains\Toolbox\scripts;C:\Users\sukhi\AppData\Local\Programs\Microsoft VS Code\bin;C:\Users\sukhi\Documents\flutter_dev\flutter_windows_3.3.10-stable.zip\flutter\bin;C:\Users\sukhi\Documents\flutter_dev\flutter\bin;C:\Program Files (x86)\Java\jre1.8.0_351\bin;C:\Program Files\Java\jdk-19\bin;C:\Users\sukhi\AppData\Local\GitHubDesktop\bin;C:\iverilog\bin;C:\iverilog\gtkwave\bin
USERNAME=sukhi
OS=Windows_NT
PROCESSOR_IDENTIFIER=Intel64 Family 6 Model 140 Stepping 1, GenuineIntel
TMP=C:\Users\sukhi\AppData\Local\Temp
TEMP=C:\Users\sukhi\AppData\Local\Temp




Periodic native trim disabled

---------------  S Y S T E M  ---------------

OS:
 Windows 10 , 64 bit Build 19041 (10.0.19041.3636)
OS uptime: 0 days 3:07 hours

CPU: total 8 (initial active 8) (4 cores per cpu, 2 threads per core) family 6 model 140 stepping 1 microcode 0x7e, cx8, cmov, fxsr, ht, mmx, 3dnowpref, sse, sse2, sse3, ssse3, sse4.1, sse4.2, popcnt, lzcnt, tsc, tscinvbit, avx, avx2, aes, erms, clmul, bmi1, bmi2, adx, avx512f, avx512dq, avx512cd, avx512bw, avx512vl, sha, fma, vzeroupper, avx512_vpopcntdq, avx512_vpclmulqdq, avx512_vaes, avx512_vnni, clflush, clflushopt, clwb, avx512_vbmi2, avx512_vbmi, rdtscp, rdpid, fsrm, gfni, avx512_bitalg, f16c, pku, cet_ibt, cet_ss, avx512_ifma
Processor Information for all 8 processors :
  Max Mhz: 2803, Current Mhz: 2803, Mhz Limit: 2803

Memory: 4k page, system-wide physical 16183M (9721M free)
TotalPageFile size 18615M (AvailPageFile size 11634M)
current process WorkingSet (physical memory assigned to process): 44M, peak: 44M
current process commit charge ("private bytes"): 341M, peak: 341M

vm_info: OpenJDK 64-Bit Server VM (21.0.2+13-58) for windows-amd64 JRE (21.0.2+13-58), built on 2024-01-05T18:32:24Z by "mach5one" with MS VC++ 17.1 (VS2022)

END.
