#
# A fatal error has been detected by the Java Runtime Environment:
#
#  EXCEPTION_ACCESS_VIOLATION (0xc0000005) at pc=0x000000007110b5db, pid=21552, tid=18864
#
# JRE version: OpenJDK Runtime Environment (21.0.2+13) (build 21.0.2+13-58)
# Java VM: OpenJDK 64-Bit Server VM (21.0.2+13-58, mixed mode, sharing, tiered, compressed oops, compressed class ptrs, g1 gc, windows-amd64)
# Problematic frame:
# C  [jSSC-2.8_x86_64.dll+0xb5db]
#
# No core dump will be written. Minidumps are not enabled by default on client versions of Windows
#
# If you would like to submit a bug report, please visit:
#   https://bugreport.java.com/bugreport/crash.jsp
# The crash happened outside the Java Virtual Machine in native code.
# See problematic frame for where to report the bug.
#

---------------  S U M M A R Y ------------

Command Line: -javaagent:C:\Users\sukhi\AppData\Local\JetBrains\Toolbox\apps\IDEA-C\ch-0\221.5591.52\lib\idea_rt.jar=53700:C:\Users\sukhi\AppData\Local\JetBrains\Toolbox\apps\IDEA-C\ch-0\221.5591.52\bin -Dfile.encoding=UTF-8 MainClass

Host: 11th Gen Intel(R) Core(TM) i7-1165G7 @ 2.80GHz, 8 cores, 15G,  Windows 10 , 64 bit Build 19041 (10.0.19041.3636)
Time: Sat Apr  6 20:54:16 2024 Eastern Daylight Time elapsed time: 0.152478 seconds (0d 0h 0m 0s)

---------------  T H R E A D  ---------------

Current thread (0x0000021b71c0af20):  JavaThread "main"             [_thread_in_native, id=18864, stack(0x0000004c54800000,0x0000004c54900000) (1024K)]

Stack: [0x0000004c54800000,0x0000004c54900000],  sp=0x0000004c548fefb0,  free space=1019k
Native frames: (J=compiled Java code, j=interpreted, Vv=VM code, C=native code)
C  [jSSC-2.8_x86_64.dll+0xb5db]

Java frames: (J=compiled Java code, j=interpreted, Vv=VM code)
j  jssc.SerialNativeInterface.openPort(Ljava/lang/String;Z)J+0
j  jssc.SerialPort.openPort()Z+65
j  org.firmata4j.transport.SerialTransport.start()V+14
j  org.firmata4j.firmata.FirmataDevice.start()V+24
j  BoardInitialization.initializeBoard(Ljava/lang/String;)Lorg/firmata4j/IODevice;+10
j  MainClass.main([Ljava/lang/String;)V+4
v  ~StubRoutines::call_stub 0x0000021b075310e7

siginfo: EXCEPTION_ACCESS_VIOLATION (0xc0000005), reading address 0x000000006fc31f5b


Registers:
RAX=0x000000006fc31f5b, RBX=0x0000004c548ff020, RCX=0x00007ff80612d1c4, RDX=0x0000000000000000
RSP=0x0000004c548fefb0, RBP=0x0000004c548ff130, RSI=0x0000021b71c0b2d8, RDI=0x000000000000046c
R8 =0x0000004c548feea8, R9 =0x0000004c548fefa0, R10=0x0000000000000000, R11=0x0000000000000246
R12=0x0000004c548ff1f0, R13=0x0000021b563e2390, R14=0x0000004c548ff0e0, R15=0x0000021b71c0af20
RIP=0x000000007110b5db, EFLAGS=0x0000000000010202


Register to memory mapping:

RAX=0x000000006fc31f5b is an unknown value
RBX=0x0000004c548ff020 is pointing into the stack for thread: 0x0000021b71c0af20
RCX=0x00007ff80612d1c4 ntdll.dll
RDX=0x0 is null
RSP=0x0000004c548fefb0 is pointing into the stack for thread: 0x0000021b71c0af20
RBP=0x0000004c548ff130 is pointing into the stack for thread: 0x0000021b71c0af20
RSI=0x0000021b71c0b2d8 points into unknown readable memory: 0x00007fff9bb2e600 | 00 e6 b2 9b ff 7f 00 00
RDI=0x000000000000046c is an unknown value
R8 =0x0000004c548feea8 is pointing into the stack for thread: 0x0000021b71c0af20
R9 =0x0000004c548fefa0 is pointing into the stack for thread: 0x0000021b71c0af20
R10=0x0 is null
R11=0x0000000000000246 is an unknown value
R12=0x0000004c548ff1f0 is pointing into the stack for thread: 0x0000021b71c0af20
R13=0x0000021b563e2390 points into unknown readable memory: 0x00000000354d4f43 | 43 4f 4d 35 00 00 00 00
R14=0x0000004c548ff0e0 is pointing into the stack for thread: 0x0000021b71c0af20
R15=0x0000021b71c0af20 is a thread

Top of Stack: (sp=0x0000004c548fefb0)
0x0000004c548fefb0:   0000021b563287e0 0000021b563e22a0
0x0000004c548fefc0:   000000007110b230 0000021b6f9c0000
0x0000004c548fefd0:   0000021b6fac0000 0000000000000004
0x0000004c548fefe0:   0000021b71c0b2d8 000000000000046c
0x0000004c548feff0:   0000004c548ff130 0000000071112590
0x0000004c548ff000:   0000021b71c0af20 0000004c548ff0e0
0x0000004c548ff010:   0000021b563e2390 0000004c548ff1f0
0x0000004c548ff020:   0000021b563e2390 00007ff8060b47b1
0x0000004c548ff030:   0000004c548ff060 0000021b6f9c0000
0x0000004c548ff040:   0000004c548ff130 0000000000000000
0x0000004c548ff050:   0000000071113500 0000000071113be8
0x0000004c548ff060:   0000004c548ff090 0000000071112641
0x0000004c548ff070:   0000004c548ff000 0000021b71c0b2d8
0x0000004c548ff080:   0000000000000000 0000000000000000
0x0000004c548ff090:   0000004c548ff130 0000000071101595
0x0000004c548ff0a0:   000000000000001c 0000021b00000000
0x0000004c548ff0b0:   0000004c548ff0f0 0000004c548ff1f8
0x0000004c548ff0c0:   0000021b00000003 00007fff40000000
0x0000004c548ff0d0:   0000000000000000 0000000000000996
0x0000004c548ff0e0:   354d4f435c2e5c5c 0000021b71c0af00
0x0000004c548ff0f0:   000002005c2e5c5c 0000021b71c0af20
0x0000004c548ff100:   0000021b52445600 00000000000001c6
0x0000004c548ff110:   0000021b52026fe8 0000000000000000
0x0000004c548ff120:   0000021b52445600 0000004c548ff1f8
0x0000004c548ff130:   0000004c548ff1c8 0000021b0753cf0b
0x0000004c548ff140:   0000021b52026fe8 0000021b0753cbe2
0x0000004c548ff150:   0000021b52445600 00000000000001c6
0x0000004c548ff160:   0000004c548ff190 0000004c548ff1e8
0x0000004c548ff170:   0000021b075389b8 0000021b0753cb9f
0x0000004c548ff180:   0000004c548ff180 0000021b52445600
0x0000004c548ff190:   0000000000000006 0000021b52446520
0x0000004c548ff1a0:   0000000000000000 0000000712adf550 

Instructions: (pc=0x000000007110b5db)
0x000000007110b4db:   48 85 c0 74 bf 44 8b 03 45 85 c0 0f 84 77 ff ff
0x000000007110b4eb:   ff eb 9f 66 90 e8 8b fe ff ff 48 89 05 0c 34 01
0x000000007110b4fb:   00 eb ad 66 90 e8 7b fe ff ff 48 89 05 fc 33 01
0x000000007110b50b:   00 eb 8b e8 8d fe ff ff c7 03 01 00 00 00 e9 6f
0x000000007110b51b:   ff ff ff 66 90 55 48 89 e5 56 53 48 83 ec 20 48
0x000000007110b52b:   8b 05 d7 33 01 00 48 8b 31 48 89 cb 48 85 c0 74
0x000000007110b53b:   56 44 8b 18 45 85 db 78 42 48 8b 05 bd 33 01 00
0x000000007110b54b:   48 85 c0 74 50 44 8b 10 45 85 d2 74 1d 48 89 f1
0x000000007110b55b:   e8 d0 fd ff ff 48 8b 13 48 8d 42 40 48 8b 48 08
0x000000007110b56b:   48 8b 6a 40 48 8b 60 10 ff e1 48 8b 05 9c 33 01
0x000000007110b57b:   00 48 85 c0 74 2d 48 89 30 eb da e8 b5 fe ff ff
0x000000007110b58b:   0f 1f 44 00 00 eb b2 e8 e9 fd ff ff 48 89 05 6a
0x000000007110b59b:   33 01 00 eb 9c e8 db fd ff ff 48 89 05 5c 33 01
0x000000007110b5ab:   00 eb a2 e8 3d fd ff ff 48 89 05 5e 33 01 00 eb
0x000000007110b5bb:   c5 0f 1f 40 00 55 57 56 53 48 83 ec 28 48 8b 05
0x000000007110b5cb:   39 33 01 00 48 89 cb 48 85 c0 0f 84 c5 00 00 00
0x000000007110b5db:   8b 38 85 ff 0f 88 ab 00 00 00 48 8b 05 1c 33 01
0x000000007110b5eb:   00 48 85 c0 0f 84 bc 00 00 00 8b 30 85 f6 74 57
0x000000007110b5fb:   48 8b 05 0e 33 01 00 48 85 c0 0f 84 e5 00 00 00
0x000000007110b60b:   8b 28 48 8b 35 10 5e 01 00 ff d6 89 c7 89 e9 ff
0x000000007110b61b:   15 f4 5e 01 00 89 f9 48 89 c5 ff 15 b9 5e 01 00
0x000000007110b62b:   48 8b 05 de 32 01 00 48 89 2b 48 85 c0 74 46 48
0x000000007110b63b:   89 da 8b 08 ff 15 d7 5e 01 00 85 c0 74 27 48 83
0x000000007110b64b:   c4 28 5b 5e 5f 5d c3 48 8b 05 bf 32 01 00 48 85
0x000000007110b65b:   c0 74 64 48 8b 10 48 89 13 48 89 18 48 83 c4 28
0x000000007110b66b:   5b 5e 5f 5d c3 48 89 f2 48 83 c4 28 5b 5e 5f 5d
0x000000007110b67b:   48 ff e2 66 90 e8 8b fc ff ff 48 89 05 84 32 01
0x000000007110b68b:   00 eb ac 66 90 e8 ab fd ff ff e9 4b ff ff ff 66
0x000000007110b69b:   0f 1f 44 00 00 e8 db fc ff ff 48 89 05 5c 32 01
0x000000007110b6ab:   00 e9 2a ff ff ff e8 ca fc ff ff 48 89 05 4b 32
0x000000007110b6bb:   01 00 e9 33 ff ff ff e8 29 fc ff ff 48 89 05 4a
0x000000007110b6cb:   32 01 00 48 8b 10 48 85 c0 48 89 13 75 8b e8 12 


Stack slot to memory mapping:

stack at sp + 0 slots: 0x0000021b563287e0 points into unknown readable memory: 0x005c002e005c005c | 5c 00 5c 00 2e 00 5c 00
stack at sp + 1 slots: 0x0000021b563e22a0 points into unknown readable memory: 0x0000021b563e5870 | 70 58 3e 56 1b 02 00 00
stack at sp + 2 slots: 0x000000007110b230 jSSC-2.8_x86_64.dll
stack at sp + 3 slots: 0x0000021b6f9c0000 points into unknown readable memory: 0x0000000000000000 | 00 00 00 00 00 00 00 00
stack at sp + 4 slots: 0x0000021b6fac0000 points into unknown readable memory: 0x0000000000000000 | 00 00 00 00 00 00 00 00
stack at sp + 5 slots: 0x0000000000000004 is an unknown value
stack at sp + 6 slots: 0x0000021b71c0b2d8 points into unknown readable memory: 0x00007fff9bb2e600 | 00 e6 b2 9b ff 7f 00 00
stack at sp + 7 slots: 0x000000000000046c is an unknown value


---------------  P R O C E S S  ---------------

Threads class SMR info:
_java_thread_list=0x0000021b5632b6d0, length=13, elements={
0x0000021b71c0af20, 0x0000021b7f8cdbe0, 0x0000021b7f8cfb10, 0x0000021b7f8d19d0,
0x0000021b7f8d4c40, 0x0000021b7f8d5ed0, 0x0000021b7f8d6d80, 0x0000021b7f8e2f70,
0x0000021b7f8e92c0, 0x0000021b56101c20, 0x0000021b5625a1e0, 0x0000021b562c95d0,
0x0000021b563e36d0
}

Java Threads: ( => current thread )
=>0x0000021b71c0af20 JavaThread "main"                              [_thread_in_native, id=18864, stack(0x0000004c54800000,0x0000004c54900000) (1024K)]
  0x0000021b7f8cdbe0 JavaThread "Reference Handler"          daemon [_thread_blocked, id=14972, stack(0x0000004c55000000,0x0000004c55100000) (1024K)]
  0x0000021b7f8cfb10 JavaThread "Finalizer"                  daemon [_thread_blocked, id=22904, stack(0x0000004c55100000,0x0000004c55200000) (1024K)]
  0x0000021b7f8d19d0 JavaThread "Signal Dispatcher"          daemon [_thread_blocked, id=23532, stack(0x0000004c55200000,0x0000004c55300000) (1024K)]
  0x0000021b7f8d4c40 JavaThread "Attach Listener"            daemon [_thread_blocked, id=2176, stack(0x0000004c55300000,0x0000004c55400000) (1024K)]
  0x0000021b7f8d5ed0 JavaThread "Service Thread"             daemon [_thread_blocked, id=10424, stack(0x0000004c55400000,0x0000004c55500000) (1024K)]
  0x0000021b7f8d6d80 JavaThread "Monitor Deflation Thread"   daemon [_thread_blocked, id=4172, stack(0x0000004c55500000,0x0000004c55600000) (1024K)]
  0x0000021b7f8e2f70 JavaThread "C2 CompilerThread0"         daemon [_thread_blocked, id=14844, stack(0x0000004c55600000,0x0000004c55700000) (1024K)]
  0x0000021b7f8e92c0 JavaThread "C1 CompilerThread0"         daemon [_thread_blocked, id=13228, stack(0x0000004c55700000,0x0000004c55800000) (1024K)]
  0x0000021b56101c20 JavaThread "Common-Cleaner"             daemon [_thread_blocked, id=21308, stack(0x0000004c55800000,0x0000004c55900000) (1024K)]
  0x0000021b5625a1e0 JavaThread "Monitor Ctrl-Break"         daemon [_thread_in_native, id=25520, stack(0x0000004c55900000,0x0000004c55a00000) (1024K)]
  0x0000021b562c95d0 JavaThread "Notification Thread"        daemon [_thread_blocked, id=1360, stack(0x0000004c55a00000,0x0000004c55b00000) (1024K)]
  0x0000021b563e36d0 JavaThread "firmata-parser-thread"      daemon [_thread_blocked, id=12076, stack(0x0000004c55b00000,0x0000004c55c00000) (1024K)]
Total: 13

Other Threads:
  0x0000021b7f8ac9b0 VMThread "VM Thread"                           [id=24620, stack(0x0000004c54f00000,0x0000004c55000000) (1024K)]
  0x0000021b7f897820 WatcherThread "VM Periodic Task Thread"        [id=2192, stack(0x0000004c54e00000,0x0000004c54f00000) (1024K)]
  0x0000021b71c71110 WorkerThread "GC Thread#0"                     [id=21804, stack(0x0000004c54900000,0x0000004c54a00000) (1024K)]
  0x0000021b71c82780 ConcurrentGCThread "G1 Main Marker"            [id=5244, stack(0x0000004c54a00000,0x0000004c54b00000) (1024K)]
  0x0000021b71c83280 WorkerThread "G1 Conc#0"                       [id=1408, stack(0x0000004c54b00000,0x0000004c54c00000) (1024K)]
  0x0000021b71cde260 ConcurrentGCThread "G1 Refine#0"               [id=22228, stack(0x0000004c54c00000,0x0000004c54d00000) (1024K)]
  0x0000021b7f76aff0 ConcurrentGCThread "G1 Service"                [id=8104, stack(0x0000004c54d00000,0x0000004c54e00000) (1024K)]
Total: 7

Threads with active compile tasks:
Total: 0

VM state: not at safepoint (normal execution)

VM Mutex/Monitor currently owned by a thread: None

Heap address: 0x0000000703200000, size: 4046 MB, Compressed Oops mode: Zero based, Oop shift amount: 3

CDS archive(s) mapped at: [0x0000021b11000000-0x0000021b11c90000-0x0000021b11c90000), size 13172736, SharedBaseAddress: 0x0000021b11000000, ArchiveRelocationMode: 1.
Compressed class space mapped at: 0x0000021b12000000-0x0000021b52000000, reserved size: 1073741824
Narrow klass base: 0x0000021b11000000, Narrow klass shift: 0, Narrow klass range: 0x100000000

GC Precious Log:
 CardTable entry size: 512
 Card Set container configuration: InlinePtr #cards 4 size 8 Array Of Cards #cards 16 size 48 Howl #buckets 8 coarsen threshold 3686 Howl Bitmap #cards 512 size 80 coarsen threshold 460 Card regions per heap region 1 cards per card region 4096
 CPUs: 8 total, 8 available
 Memory: 16183M
 Large Page Support: Disabled
 NUMA Support: Disabled
 Compressed Oops: Enabled (Zero based)
 Heap Region Size: 2M
 Heap Min Capacity: 8M
 Heap Initial Capacity: 254M
 Heap Max Capacity: 4046M
 Pre-touch: Disabled
 Parallel Workers: 8
 Concurrent Workers: 2
 Concurrent Refinement Workers: 8
 Periodic GC: Disabled

Heap:
 garbage-first heap   total 260096K, used 4096K [0x0000000703200000, 0x0000000800000000)
  region size 2048K, 3 young (6144K), 0 survivors (0K)
 Metaspace       used 1690K, committed 1792K, reserved 1114112K
  class space    used 165K, committed 192K, reserved 1048576K

Heap Regions: E=young(eden), S=young(survivor), O=old, HS=humongous(starts), HC=humongous(continues), CS=collection set, F=free, TAMS=top-at-mark-start, PB=parsable bottom
|   0|0x0000000703200000, 0x0000000703200000, 0x0000000703400000|  0%| F|  |TAMS 0x0000000703200000| PB 0x0000000703200000| Untracked 
|   1|0x0000000703400000, 0x0000000703400000, 0x0000000703600000|  0%| F|  |TAMS 0x0000000703400000| PB 0x0000000703400000| Untracked 
|   2|0x0000000703600000, 0x0000000703600000, 0x0000000703800000|  0%| F|  |TAMS 0x0000000703600000| PB 0x0000000703600000| Untracked 
|   3|0x0000000703800000, 0x0000000703800000, 0x0000000703a00000|  0%| F|  |TAMS 0x0000000703800000| PB 0x0000000703800000| Untracked 
|   4|0x0000000703a00000, 0x0000000703a00000, 0x0000000703c00000|  0%| F|  |TAMS 0x0000000703a00000| PB 0x0000000703a00000| Untracked 
|   5|0x0000000703c00000, 0x0000000703c00000, 0x0000000703e00000|  0%| F|  |TAMS 0x0000000703c00000| PB 0x0000000703c00000| Untracked 
|   6|0x0000000703e00000, 0x0000000703e00000, 0x0000000704000000|  0%| F|  |TAMS 0x0000000703e00000| PB 0x0000000703e00000| Untracked 
|   7|0x0000000704000000, 0x0000000704000000, 0x0000000704200000|  0%| F|  |TAMS 0x0000000704000000| PB 0x0000000704000000| Untracked 
|   8|0x0000000704200000, 0x0000000704200000, 0x0000000704400000|  0%| F|  |TAMS 0x0000000704200000| PB 0x0000000704200000| Untracked 
|   9|0x0000000704400000, 0x0000000704400000, 0x0000000704600000|  0%| F|  |TAMS 0x0000000704400000| PB 0x0000000704400000| Untracked 
|  10|0x0000000704600000, 0x0000000704600000, 0x0000000704800000|  0%| F|  |TAMS 0x0000000704600000| PB 0x0000000704600000| Untracked 
|  11|0x0000000704800000, 0x0000000704800000, 0x0000000704a00000|  0%| F|  |TAMS 0x0000000704800000| PB 0x0000000704800000| Untracked 
|  12|0x0000000704a00000, 0x0000000704a00000, 0x0000000704c00000|  0%| F|  |TAMS 0x0000000704a00000| PB 0x0000000704a00000| Untracked 
|  13|0x0000000704c00000, 0x0000000704c00000, 0x0000000704e00000|  0%| F|  |TAMS 0x0000000704c00000| PB 0x0000000704c00000| Untracked 
|  14|0x0000000704e00000, 0x0000000704e00000, 0x0000000705000000|  0%| F|  |TAMS 0x0000000704e00000| PB 0x0000000704e00000| Untracked 
|  15|0x0000000705000000, 0x0000000705000000, 0x0000000705200000|  0%| F|  |TAMS 0x0000000705000000| PB 0x0000000705000000| Untracked 
|  16|0x0000000705200000, 0x0000000705200000, 0x0000000705400000|  0%| F|  |TAMS 0x0000000705200000| PB 0x0000000705200000| Untracked 
|  17|0x0000000705400000, 0x0000000705400000, 0x0000000705600000|  0%| F|  |TAMS 0x0000000705400000| PB 0x0000000705400000| Untracked 
|  18|0x0000000705600000, 0x0000000705600000, 0x0000000705800000|  0%| F|  |TAMS 0x0000000705600000| PB 0x0000000705600000| Untracked 
|  19|0x0000000705800000, 0x0000000705800000, 0x0000000705a00000|  0%| F|  |TAMS 0x0000000705800000| PB 0x0000000705800000| Untracked 
|  20|0x0000000705a00000, 0x0000000705a00000, 0x0000000705c00000|  0%| F|  |TAMS 0x0000000705a00000| PB 0x0000000705a00000| Untracked 
|  21|0x0000000705c00000, 0x0000000705c00000, 0x0000000705e00000|  0%| F|  |TAMS 0x0000000705c00000| PB 0x0000000705c00000| Untracked 
|  22|0x0000000705e00000, 0x0000000705e00000, 0x0000000706000000|  0%| F|  |TAMS 0x0000000705e00000| PB 0x0000000705e00000| Untracked 
|  23|0x0000000706000000, 0x0000000706000000, 0x0000000706200000|  0%| F|  |TAMS 0x0000000706000000| PB 0x0000000706000000| Untracked 
|  24|0x0000000706200000, 0x0000000706200000, 0x0000000706400000|  0%| F|  |TAMS 0x0000000706200000| PB 0x0000000706200000| Untracked 
|  25|0x0000000706400000, 0x0000000706400000, 0x0000000706600000|  0%| F|  |TAMS 0x0000000706400000| PB 0x0000000706400000| Untracked 
|  26|0x0000000706600000, 0x0000000706600000, 0x0000000706800000|  0%| F|  |TAMS 0x0000000706600000| PB 0x0000000706600000| Untracked 
|  27|0x0000000706800000, 0x0000000706800000, 0x0000000706a00000|  0%| F|  |TAMS 0x0000000706800000| PB 0x0000000706800000| Untracked 
|  28|0x0000000706a00000, 0x0000000706a00000, 0x0000000706c00000|  0%| F|  |TAMS 0x0000000706a00000| PB 0x0000000706a00000| Untracked 
|  29|0x0000000706c00000, 0x0000000706c00000, 0x0000000706e00000|  0%| F|  |TAMS 0x0000000706c00000| PB 0x0000000706c00000| Untracked 
|  30|0x0000000706e00000, 0x0000000706e00000, 0x0000000707000000|  0%| F|  |TAMS 0x0000000706e00000| PB 0x0000000706e00000| Untracked 
|  31|0x0000000707000000, 0x0000000707000000, 0x0000000707200000|  0%| F|  |TAMS 0x0000000707000000| PB 0x0000000707000000| Untracked 
|  32|0x0000000707200000, 0x0000000707200000, 0x0000000707400000|  0%| F|  |TAMS 0x0000000707200000| PB 0x0000000707200000| Untracked 
|  33|0x0000000707400000, 0x0000000707400000, 0x0000000707600000|  0%| F|  |TAMS 0x0000000707400000| PB 0x0000000707400000| Untracked 
|  34|0x0000000707600000, 0x0000000707600000, 0x0000000707800000|  0%| F|  |TAMS 0x0000000707600000| PB 0x0000000707600000| Untracked 
|  35|0x0000000707800000, 0x0000000707800000, 0x0000000707a00000|  0%| F|  |TAMS 0x0000000707800000| PB 0x0000000707800000| Untracked 
|  36|0x0000000707a00000, 0x0000000707a00000, 0x0000000707c00000|  0%| F|  |TAMS 0x0000000707a00000| PB 0x0000000707a00000| Untracked 
|  37|0x0000000707c00000, 0x0000000707c00000, 0x0000000707e00000|  0%| F|  |TAMS 0x0000000707c00000| PB 0x0000000707c00000| Untracked 
|  38|0x0000000707e00000, 0x0000000707e00000, 0x0000000708000000|  0%| F|  |TAMS 0x0000000707e00000| PB 0x0000000707e00000| Untracked 
|  39|0x0000000708000000, 0x0000000708000000, 0x0000000708200000|  0%| F|  |TAMS 0x0000000708000000| PB 0x0000000708000000| Untracked 
|  40|0x0000000708200000, 0x0000000708200000, 0x0000000708400000|  0%| F|  |TAMS 0x0000000708200000| PB 0x0000000708200000| Untracked 
|  41|0x0000000708400000, 0x0000000708400000, 0x0000000708600000|  0%| F|  |TAMS 0x0000000708400000| PB 0x0000000708400000| Untracked 
|  42|0x0000000708600000, 0x0000000708600000, 0x0000000708800000|  0%| F|  |TAMS 0x0000000708600000| PB 0x0000000708600000| Untracked 
|  43|0x0000000708800000, 0x0000000708800000, 0x0000000708a00000|  0%| F|  |TAMS 0x0000000708800000| PB 0x0000000708800000| Untracked 
|  44|0x0000000708a00000, 0x0000000708a00000, 0x0000000708c00000|  0%| F|  |TAMS 0x0000000708a00000| PB 0x0000000708a00000| Untracked 
|  45|0x0000000708c00000, 0x0000000708c00000, 0x0000000708e00000|  0%| F|  |TAMS 0x0000000708c00000| PB 0x0000000708c00000| Untracked 
|  46|0x0000000708e00000, 0x0000000708e00000, 0x0000000709000000|  0%| F|  |TAMS 0x0000000708e00000| PB 0x0000000708e00000| Untracked 
|  47|0x0000000709000000, 0x0000000709000000, 0x0000000709200000|  0%| F|  |TAMS 0x0000000709000000| PB 0x0000000709000000| Untracked 
|  48|0x0000000709200000, 0x0000000709200000, 0x0000000709400000|  0%| F|  |TAMS 0x0000000709200000| PB 0x0000000709200000| Untracked 
|  49|0x0000000709400000, 0x0000000709400000, 0x0000000709600000|  0%| F|  |TAMS 0x0000000709400000| PB 0x0000000709400000| Untracked 
|  50|0x0000000709600000, 0x0000000709600000, 0x0000000709800000|  0%| F|  |TAMS 0x0000000709600000| PB 0x0000000709600000| Untracked 
|  51|0x0000000709800000, 0x0000000709800000, 0x0000000709a00000|  0%| F|  |TAMS 0x0000000709800000| PB 0x0000000709800000| Untracked 
|  52|0x0000000709a00000, 0x0000000709a00000, 0x0000000709c00000|  0%| F|  |TAMS 0x0000000709a00000| PB 0x0000000709a00000| Untracked 
|  53|0x0000000709c00000, 0x0000000709c00000, 0x0000000709e00000|  0%| F|  |TAMS 0x0000000709c00000| PB 0x0000000709c00000| Untracked 
|  54|0x0000000709e00000, 0x0000000709e00000, 0x000000070a000000|  0%| F|  |TAMS 0x0000000709e00000| PB 0x0000000709e00000| Untracked 
|  55|0x000000070a000000, 0x000000070a000000, 0x000000070a200000|  0%| F|  |TAMS 0x000000070a000000| PB 0x000000070a000000| Untracked 
|  56|0x000000070a200000, 0x000000070a200000, 0x000000070a400000|  0%| F|  |TAMS 0x000000070a200000| PB 0x000000070a200000| Untracked 
|  57|0x000000070a400000, 0x000000070a400000, 0x000000070a600000|  0%| F|  |TAMS 0x000000070a400000| PB 0x000000070a400000| Untracked 
|  58|0x000000070a600000, 0x000000070a600000, 0x000000070a800000|  0%| F|  |TAMS 0x000000070a600000| PB 0x000000070a600000| Untracked 
|  59|0x000000070a800000, 0x000000070a800000, 0x000000070aa00000|  0%| F|  |TAMS 0x000000070a800000| PB 0x000000070a800000| Untracked 
|  60|0x000000070aa00000, 0x000000070aa00000, 0x000000070ac00000|  0%| F|  |TAMS 0x000000070aa00000| PB 0x000000070aa00000| Untracked 
|  61|0x000000070ac00000, 0x000000070ac00000, 0x000000070ae00000|  0%| F|  |TAMS 0x000000070ac00000| PB 0x000000070ac00000| Untracked 
|  62|0x000000070ae00000, 0x000000070ae00000, 0x000000070b000000|  0%| F|  |TAMS 0x000000070ae00000| PB 0x000000070ae00000| Untracked 
|  63|0x000000070b000000, 0x000000070b000000, 0x000000070b200000|  0%| F|  |TAMS 0x000000070b000000| PB 0x000000070b000000| Untracked 
|  64|0x000000070b200000, 0x000000070b200000, 0x000000070b400000|  0%| F|  |TAMS 0x000000070b200000| PB 0x000000070b200000| Untracked 
|  65|0x000000070b400000, 0x000000070b400000, 0x000000070b600000|  0%| F|  |TAMS 0x000000070b400000| PB 0x000000070b400000| Untracked 
|  66|0x000000070b600000, 0x000000070b600000, 0x000000070b800000|  0%| F|  |TAMS 0x000000070b600000| PB 0x000000070b600000| Untracked 
|  67|0x000000070b800000, 0x000000070b800000, 0x000000070ba00000|  0%| F|  |TAMS 0x000000070b800000| PB 0x000000070b800000| Untracked 
|  68|0x000000070ba00000, 0x000000070ba00000, 0x000000070bc00000|  0%| F|  |TAMS 0x000000070ba00000| PB 0x000000070ba00000| Untracked 
|  69|0x000000070bc00000, 0x000000070bc00000, 0x000000070be00000|  0%| F|  |TAMS 0x000000070bc00000| PB 0x000000070bc00000| Untracked 
|  70|0x000000070be00000, 0x000000070be00000, 0x000000070c000000|  0%| F|  |TAMS 0x000000070be00000| PB 0x000000070be00000| Untracked 
|  71|0x000000070c000000, 0x000000070c000000, 0x000000070c200000|  0%| F|  |TAMS 0x000000070c000000| PB 0x000000070c000000| Untracked 
|  72|0x000000070c200000, 0x000000070c200000, 0x000000070c400000|  0%| F|  |TAMS 0x000000070c200000| PB 0x000000070c200000| Untracked 
|  73|0x000000070c400000, 0x000000070c400000, 0x000000070c600000|  0%| F|  |TAMS 0x000000070c400000| PB 0x000000070c400000| Untracked 
|  74|0x000000070c600000, 0x000000070c600000, 0x000000070c800000|  0%| F|  |TAMS 0x000000070c600000| PB 0x000000070c600000| Untracked 
|  75|0x000000070c800000, 0x000000070c800000, 0x000000070ca00000|  0%| F|  |TAMS 0x000000070c800000| PB 0x000000070c800000| Untracked 
|  76|0x000000070ca00000, 0x000000070ca00000, 0x000000070cc00000|  0%| F|  |TAMS 0x000000070ca00000| PB 0x000000070ca00000| Untracked 
|  77|0x000000070cc00000, 0x000000070cc00000, 0x000000070ce00000|  0%| F|  |TAMS 0x000000070cc00000| PB 0x000000070cc00000| Untracked 
|  78|0x000000070ce00000, 0x000000070ce00000, 0x000000070d000000|  0%| F|  |TAMS 0x000000070ce00000| PB 0x000000070ce00000| Untracked 
|  79|0x000000070d000000, 0x000000070d000000, 0x000000070d200000|  0%| F|  |TAMS 0x000000070d000000| PB 0x000000070d000000| Untracked 
|  80|0x000000070d200000, 0x000000070d200000, 0x000000070d400000|  0%| F|  |TAMS 0x000000070d200000| PB 0x000000070d200000| Untracked 
|  81|0x000000070d400000, 0x000000070d400000, 0x000000070d600000|  0%| F|  |TAMS 0x000000070d400000| PB 0x000000070d400000| Untracked 
|  82|0x000000070d600000, 0x000000070d600000, 0x000000070d800000|  0%| F|  |TAMS 0x000000070d600000| PB 0x000000070d600000| Untracked 
|  83|0x000000070d800000, 0x000000070d800000, 0x000000070da00000|  0%| F|  |TAMS 0x000000070d800000| PB 0x000000070d800000| Untracked 
|  84|0x000000070da00000, 0x000000070da00000, 0x000000070dc00000|  0%| F|  |TAMS 0x000000070da00000| PB 0x000000070da00000| Untracked 
|  85|0x000000070dc00000, 0x000000070dc00000, 0x000000070de00000|  0%| F|  |TAMS 0x000000070dc00000| PB 0x000000070dc00000| Untracked 
|  86|0x000000070de00000, 0x000000070de00000, 0x000000070e000000|  0%| F|  |TAMS 0x000000070de00000| PB 0x000000070de00000| Untracked 
|  87|0x000000070e000000, 0x000000070e000000, 0x000000070e200000|  0%| F|  |TAMS 0x000000070e000000| PB 0x000000070e000000| Untracked 
|  88|0x000000070e200000, 0x000000070e200000, 0x000000070e400000|  0%| F|  |TAMS 0x000000070e200000| PB 0x000000070e200000| Untracked 
|  89|0x000000070e400000, 0x000000070e400000, 0x000000070e600000|  0%| F|  |TAMS 0x000000070e400000| PB 0x000000070e400000| Untracked 
|  90|0x000000070e600000, 0x000000070e600000, 0x000000070e800000|  0%| F|  |TAMS 0x000000070e600000| PB 0x000000070e600000| Untracked 
|  91|0x000000070e800000, 0x000000070e800000, 0x000000070ea00000|  0%| F|  |TAMS 0x000000070e800000| PB 0x000000070e800000| Untracked 
|  92|0x000000070ea00000, 0x000000070ea00000, 0x000000070ec00000|  0%| F|  |TAMS 0x000000070ea00000| PB 0x000000070ea00000| Untracked 
|  93|0x000000070ec00000, 0x000000070ec00000, 0x000000070ee00000|  0%| F|  |TAMS 0x000000070ec00000| PB 0x000000070ec00000| Untracked 
|  94|0x000000070ee00000, 0x000000070ee00000, 0x000000070f000000|  0%| F|  |TAMS 0x000000070ee00000| PB 0x000000070ee00000| Untracked 
|  95|0x000000070f000000, 0x000000070f000000, 0x000000070f200000|  0%| F|  |TAMS 0x000000070f000000| PB 0x000000070f000000| Untracked 
|  96|0x000000070f200000, 0x000000070f200000, 0x000000070f400000|  0%| F|  |TAMS 0x000000070f200000| PB 0x000000070f200000| Untracked 
|  97|0x000000070f400000, 0x000000070f400000, 0x000000070f600000|  0%| F|  |TAMS 0x000000070f400000| PB 0x000000070f400000| Untracked 
|  98|0x000000070f600000, 0x000000070f600000, 0x000000070f800000|  0%| F|  |TAMS 0x000000070f600000| PB 0x000000070f600000| Untracked 
|  99|0x000000070f800000, 0x000000070f800000, 0x000000070fa00000|  0%| F|  |TAMS 0x000000070f800000| PB 0x000000070f800000| Untracked 
| 100|0x000000070fa00000, 0x000000070fa00000, 0x000000070fc00000|  0%| F|  |TAMS 0x000000070fa00000| PB 0x000000070fa00000| Untracked 
| 101|0x000000070fc00000, 0x000000070fc00000, 0x000000070fe00000|  0%| F|  |TAMS 0x000000070fc00000| PB 0x000000070fc00000| Untracked 
| 102|0x000000070fe00000, 0x000000070fe00000, 0x0000000710000000|  0%| F|  |TAMS 0x000000070fe00000| PB 0x000000070fe00000| Untracked 
| 103|0x0000000710000000, 0x0000000710000000, 0x0000000710200000|  0%| F|  |TAMS 0x0000000710000000| PB 0x0000000710000000| Untracked 
| 104|0x0000000710200000, 0x0000000710200000, 0x0000000710400000|  0%| F|  |TAMS 0x0000000710200000| PB 0x0000000710200000| Untracked 
| 105|0x0000000710400000, 0x0000000710400000, 0x0000000710600000|  0%| F|  |TAMS 0x0000000710400000| PB 0x0000000710400000| Untracked 
| 106|0x0000000710600000, 0x0000000710600000, 0x0000000710800000|  0%| F|  |TAMS 0x0000000710600000| PB 0x0000000710600000| Untracked 
| 107|0x0000000710800000, 0x0000000710800000, 0x0000000710a00000|  0%| F|  |TAMS 0x0000000710800000| PB 0x0000000710800000| Untracked 
| 108|0x0000000710a00000, 0x0000000710a00000, 0x0000000710c00000|  0%| F|  |TAMS 0x0000000710a00000| PB 0x0000000710a00000| Untracked 
| 109|0x0000000710c00000, 0x0000000710c00000, 0x0000000710e00000|  0%| F|  |TAMS 0x0000000710c00000| PB 0x0000000710c00000| Untracked 
| 110|0x0000000710e00000, 0x0000000710e00000, 0x0000000711000000|  0%| F|  |TAMS 0x0000000710e00000| PB 0x0000000710e00000| Untracked 
| 111|0x0000000711000000, 0x0000000711000000, 0x0000000711200000|  0%| F|  |TAMS 0x0000000711000000| PB 0x0000000711000000| Untracked 
| 112|0x0000000711200000, 0x0000000711200000, 0x0000000711400000|  0%| F|  |TAMS 0x0000000711200000| PB 0x0000000711200000| Untracked 
| 113|0x0000000711400000, 0x0000000711400000, 0x0000000711600000|  0%| F|  |TAMS 0x0000000711400000| PB 0x0000000711400000| Untracked 
| 114|0x0000000711600000, 0x0000000711600000, 0x0000000711800000|  0%| F|  |TAMS 0x0000000711600000| PB 0x0000000711600000| Untracked 
| 115|0x0000000711800000, 0x0000000711800000, 0x0000000711a00000|  0%| F|  |TAMS 0x0000000711800000| PB 0x0000000711800000| Untracked 
| 116|0x0000000711a00000, 0x0000000711a00000, 0x0000000711c00000|  0%| F|  |TAMS 0x0000000711a00000| PB 0x0000000711a00000| Untracked 
| 117|0x0000000711c00000, 0x0000000711c00000, 0x0000000711e00000|  0%| F|  |TAMS 0x0000000711c00000| PB 0x0000000711c00000| Untracked 
| 118|0x0000000711e00000, 0x0000000711e00000, 0x0000000712000000|  0%| F|  |TAMS 0x0000000711e00000| PB 0x0000000711e00000| Untracked 
| 119|0x0000000712000000, 0x0000000712000000, 0x0000000712200000|  0%| F|  |TAMS 0x0000000712000000| PB 0x0000000712000000| Untracked 
| 120|0x0000000712200000, 0x0000000712200000, 0x0000000712400000|  0%| F|  |TAMS 0x0000000712200000| PB 0x0000000712200000| Untracked 
| 121|0x0000000712400000, 0x0000000712400000, 0x0000000712600000|  0%| F|  |TAMS 0x0000000712400000| PB 0x0000000712400000| Untracked 
| 122|0x0000000712600000, 0x0000000712600000, 0x0000000712800000|  0%| F|  |TAMS 0x0000000712600000| PB 0x0000000712600000| Untracked 
| 123|0x0000000712800000, 0x0000000712800000, 0x0000000712a00000|  0%| F|  |TAMS 0x0000000712800000| PB 0x0000000712800000| Untracked 
| 124|0x0000000712a00000, 0x0000000712bcc278, 0x0000000712c00000| 89%| E|  |TAMS 0x0000000712a00000| PB 0x0000000712a00000| Complete 
| 125|0x0000000712c00000, 0x0000000712e00000, 0x0000000712e00000|100%| E|CS|TAMS 0x0000000712c00000| PB 0x0000000712c00000| Complete 
| 126|0x0000000712e00000, 0x0000000713000000, 0x0000000713000000|100%| E|CS|TAMS 0x0000000712e00000| PB 0x0000000712e00000| Complete 

Card table byte_map: [0x0000021b7ab90000,0x0000021b7b380000] _byte_map_base: 0x0000021b77377000

Marking Bits: (CMBitMap*) 0x0000021b71c71810
 Bits: [0x0000021b7b380000, 0x0000021b7f2b8000)

Polling page: 0x0000021b6fb70000

Metaspace:

Usage:
  Non-class:      1.49 MB used.
      Class:    165.38 KB used.
       Both:      1.65 MB used.

Virtual space:
  Non-class space:       64.00 MB reserved,       1.56 MB (  2%) committed,  1 nodes.
      Class space:        1.00 GB reserved,     192.00 KB ( <1%) committed,  1 nodes.
             Both:        1.06 GB reserved,       1.75 MB ( <1%) committed. 

Chunk freelists:
   Non-Class:  11.69 MB
       Class:  15.69 MB
        Both:  27.38 MB

MaxMetaspaceSize: unlimited
CompressedClassSpaceSize: 1.00 GB
Initial GC threshold: 21.00 MB
Current GC threshold: 21.00 MB
CDS: on
 - commit_granule_bytes: 65536.
 - commit_granule_words: 8192.
 - virtual_space_node_default_size: 8388608.
 - enlarge_chunks_in_place: 1.
 - use_allocation_guard: 0.


Internal statistics:

num_allocs_failed_limit: 0.
num_arena_births: 44.
num_arena_deaths: 0.
num_vsnodes_births: 2.
num_vsnodes_deaths: 0.
num_space_committed: 28.
num_space_uncommitted: 0.
num_chunks_returned_to_freelist: 0.
num_chunks_taken_from_freelist: 70.
num_chunk_merges: 0.
num_chunk_splits: 41.
num_chunks_enlarged: 26.
num_inconsistent_stats: 0.

CodeHeap 'non-profiled nmethods': size=120000Kb used=126Kb max_used=126Kb free=119873Kb
 bounds [0x0000021b07ad0000, 0x0000021b07d40000, 0x0000021b0f000000]
CodeHeap 'profiled nmethods': size=120000Kb used=596Kb max_used=596Kb free=119403Kb
 bounds [0x0000021b00000000, 0x0000021b00270000, 0x0000021b07530000]
CodeHeap 'non-nmethods': size=5760Kb used=1434Kb max_used=1445Kb free=4325Kb
 bounds [0x0000021b07530000, 0x0000021b077a0000, 0x0000021b07ad0000]
 total_blobs=842 nmethods=417 adapters=330
 compilation: enabled
              stopped_count=0, restarted_count=0
 full_count=0

Compilation events (20 events):
Event: 0.145 Thread 0x0000021b7f8e92c0 nmethod 410 0x0000021b00091910 code [0x0000021b00091b00, 0x0000021b00092230]
Event: 0.145 Thread 0x0000021b7f8e92c0  411       3       java.util.jar.JarFile::getEntry (35 bytes)
Event: 0.146 Thread 0x0000021b7f8e2f70 nmethod 406 0x0000021b07aee790 code [0x0000021b07aee920, 0x0000021b07aeeaf0]
Event: 0.146 Thread 0x0000021b7f8e2f70  413       4       java.lang.StringLatin1::indexOfChar (33 bytes)
Event: 0.146 Thread 0x0000021b7f8e92c0 nmethod 411 0x0000021b00092410 code [0x0000021b00092620, 0x0000021b00092ac0]
Event: 0.146 Thread 0x0000021b7f8e92c0  412       1       java.security.CodeSource::getLocation (5 bytes)
Event: 0.146 Thread 0x0000021b7f8e92c0 nmethod 412 0x0000021b07aeec10 code [0x0000021b07aeeda0, 0x0000021b07aeee70]
Event: 0.146 Thread 0x0000021b7f8e92c0  414       3       java.lang.invoke.MemberName::isConstructor (8 bytes)
Event: 0.146 Thread 0x0000021b7f8e92c0 nmethod 414 0x0000021b00092c10 code [0x0000021b00092dc0, 0x0000021b00092f90]
Event: 0.146 Thread 0x0000021b7f8e92c0  415       3       java.lang.invoke.MethodType$ConcurrentWeakInternSet$WeakEntry::<init> (15 bytes)
Event: 0.146 Thread 0x0000021b7f8e92c0 nmethod 415 0x0000021b00093090 code [0x0000021b00093260, 0x0000021b00093678]
Event: 0.147 Thread 0x0000021b7f8e2f70 nmethod 413 0x0000021b07aeef10 code [0x0000021b07aef0a0, 0x0000021b07aef228]
Event: 0.147 Thread 0x0000021b7f8e2f70  407       4       java.util.Objects::requireNonNull (14 bytes)
Event: 0.147 Thread 0x0000021b7f8e92c0  416       1       java.lang.invoke.MethodHandles$Lookup::previousLookupClass (5 bytes)
Event: 0.147 Thread 0x0000021b7f8e92c0 nmethod 416 0x0000021b07aef310 code [0x0000021b07aef4a0, 0x0000021b07aef570]
Event: 0.147 Thread 0x0000021b7f8e92c0  417       3       sun.invoke.util.VerifyAccess::isClassAccessible (230 bytes)
Event: 0.147 Thread 0x0000021b7f8e2f70 nmethod 407 0x0000021b07aef610 code [0x0000021b07aef7a0, 0x0000021b07aef828]
Event: 0.148 Thread 0x0000021b7f8e92c0 nmethod 417 0x0000021b00093810 code [0x0000021b00093b20, 0x0000021b00094990]
Event: 0.148 Thread 0x0000021b7f8e92c0  418       3       java.util.ArrayDeque::inc (12 bytes)
Event: 0.148 Thread 0x0000021b7f8e92c0 nmethod 418 0x0000021b00094d90 code [0x0000021b00094f20, 0x0000021b00095048]

GC Heap History (0 events):
No events

Dll operation events (12 events):
Event: 0.006 Loaded shared library C:\Users\sukhi\.jdks\openjdk-21.0.2\bin\java.dll
Event: 0.029 Loaded shared library C:\Users\sukhi\.jdks\openjdk-21.0.2\bin\jsvml.dll
Event: 0.057 Loaded shared library C:\Users\sukhi\.jdks\openjdk-21.0.2\bin\zip.dll
Event: 0.060 Loaded shared library C:\Users\sukhi\.jdks\openjdk-21.0.2\bin\instrument.dll
Event: 0.064 Loaded shared library C:\Users\sukhi\.jdks\openjdk-21.0.2\bin\net.dll
Event: 0.066 Loaded shared library C:\Users\sukhi\.jdks\openjdk-21.0.2\bin\nio.dll
Event: 0.068 Loaded shared library C:\Users\sukhi\.jdks\openjdk-21.0.2\bin\zip.dll
Event: 0.082 Loaded shared library C:\Users\sukhi\AppData\Local\JetBrains\Toolbox\apps\IDEA-C\ch-0\221.5591.52\bin\breakgen64.dll
Event: 0.087 Loaded shared library C:\Users\sukhi\.jdks\openjdk-21.0.2\bin\extnet.dll
Event: 0.103 Loaded shared library C:\Users\sukhi\.jdks\openjdk-21.0.2\bin\verify.dll
Event: 0.106 Loaded shared library C:\Users\sukhi\.jdks\openjdk-21.0.2\bin\jimage.dll
Event: 0.141 Loaded shared library C:\Users\sukhi\.jssc\windows\jSSC-2.8_x86_64.dll

Deoptimization events (8 events):
Event: 0.082 Thread 0x0000021b71c0af20 Uncommon trap: trap_request=0xffffff45 fr.pc=0x0000021b07ae0264 relative=0x00000000000000c4
Event: 0.082 Thread 0x0000021b71c0af20 Uncommon trap: reason=unstable_if action=reinterpret pc=0x0000021b07ae0264 method=java.lang.String.isLatin1()Z @ 10 c2
Event: 0.082 Thread 0x0000021b71c0af20 DEOPT PACKING pc=0x0000021b07ae0264 sp=0x0000004c548fef00
Event: 0.082 Thread 0x0000021b71c0af20 DEOPT UNPACKING pc=0x0000021b07587da2 sp=0x0000004c548fee40 mode 2
Event: 0.129 Thread 0x0000021b71c0af20 DEOPT PACKING pc=0x0000021b00029cf8 sp=0x0000004c548fd5d0
Event: 0.129 Thread 0x0000021b71c0af20 DEOPT UNPACKING pc=0x0000021b075888e2 sp=0x0000004c548fc9f0 mode 0
Event: 0.145 Thread 0x0000021b71c0af20 DEOPT PACKING pc=0x0000021b000093d8 sp=0x0000004c548fe1f0
Event: 0.145 Thread 0x0000021b71c0af20 DEOPT UNPACKING pc=0x0000021b075888e2 sp=0x0000004c548fd658 mode 0

Classes loaded (20 events):
Event: 0.141 Loading class java/util/Collections$SynchronizedRandomAccessList
Event: 0.141 Loading class java/util/Collections$SynchronizedList
Event: 0.141 Loading class java/util/Collections$SynchronizedList done
Event: 0.141 Loading class java/util/Collections$SynchronizedRandomAccessList done
Event: 0.141 Loading class java/util/concurrent/atomic/AtomicBoolean
Event: 0.141 Loading class java/util/concurrent/atomic/AtomicBoolean done
Event: 0.146 Loading class java/util/concurrent/Executors
Event: 0.146 Loading class java/util/concurrent/Executors done
Event: 0.146 Loading class java/util/concurrent/Executors$AutoShutdownDelegatedExecutorService
Event: 0.146 Loading class java/util/concurrent/Executors$DelegatedExecutorService
Event: 0.147 Loading class java/util/concurrent/Executors$DelegatedExecutorService done
Event: 0.147 Loading class java/util/concurrent/Executors$AutoShutdownDelegatedExecutorService done
Event: 0.147 Loading class java/util/concurrent/ThreadPoolExecutor
Event: 0.147 Loading class java/util/concurrent/ThreadPoolExecutor done
Event: 0.147 Loading class java/util/concurrent/ThreadPoolExecutor$AbortPolicy
Event: 0.147 Loading class java/util/concurrent/RejectedExecutionHandler
Event: 0.147 Loading class java/util/concurrent/RejectedExecutionHandler done
Event: 0.147 Loading class java/util/concurrent/ThreadPoolExecutor$AbortPolicy done
Event: 0.148 Loading class java/util/concurrent/ArrayBlockingQueue
Event: 0.148 Loading class java/util/concurrent/ArrayBlockingQueue done

Classes unloaded (0 events):
No events

Classes redefined (0 events):
No events

Internal exceptions (8 events):
Event: 0.076 Thread 0x0000021b71c0af20 Exception <a 'java/lang/NoSuchMethodError'{0x0000000712d3b808}: 'void java.lang.invoke.DirectMethodHandle$Holder.invokeStatic(java.lang.Object, java.lang.Object, java.lang.Object)'> (0x0000000712d3b808) 
thrown [s\open\src\hotspot\share\interpreter\linkResolver.cpp, line 773]
Event: 0.079 Thread 0x0000021b71c0af20 Exception <a 'java/lang/NoSuchMethodError'{0x0000000712d52f60}: 'java.lang.Object java.lang.invoke.Invokers$Holder.invokeExact_MT(java.lang.Object, java.lang.Object, java.lang.Object, java.lang.Object, java.lang.Object)'> (0x0000000712d52f60) 
thrown [s\open\src\hotspot\share\interpreter\linkResolver.cpp, line 773]
Event: 0.089 Thread 0x0000021b5625a1e0 Exception <a 'java/lang/NoSuchMethodError'{0x0000000712dcbce8}: 'void java.lang.invoke.DirectMethodHandle$Holder.invokeStatic(java.lang.Object, java.lang.Object)'> (0x0000000712dcbce8) 
thrown [s\open\src\hotspot\share\interpreter\linkResolver.cpp, line 773]
Event: 0.120 Thread 0x0000021b71c0af20 Exception <a 'java/lang/NoSuchMethodError'{0x0000000712a41ec8}: 'java.lang.ClassLoader java.lang.Thread.getContextClassLoader(java.lang.Class)'> (0x0000000712a41ec8) 
thrown [s\open\src\hotspot\share\interpreter\linkResolver.cpp, line 773]
Event: 0.120 Thread 0x0000021b71c0af20 Exception <a 'java/lang/NoSuchMethodError'{0x0000000712a470e0}: 'java.lang.Object java.lang.invoke.DirectMethodHandle$Holder.invokeStatic(java.lang.Object, java.lang.Object, int)'> (0x0000000712a470e0) 
thrown [s\open\src\hotspot\share\interpreter\linkResolver.cpp, line 773]
Event: 0.121 Thread 0x0000021b71c0af20 Exception <a 'java/lang/NoSuchMethodError'{0x0000000712a526d8}: 'void java.lang.invoke.DelegatingMethodHandle$Holder.delegate(java.lang.Object, java.lang.Object, int, java.lang.Object)'> (0x0000000712a526d8) 
thrown [s\open\src\hotspot\share\interpreter\linkResolver.cpp, line 773]
Event: 0.121 Thread 0x0000021b71c0af20 Exception <a 'java/lang/NoSuchMethodError'{0x0000000712a563b8}: 'int java.lang.invoke.DirectMethodHandle$Holder.invokeSpecial(java.lang.Object, java.lang.Object, java.lang.Object)'> (0x0000000712a563b8) 
thrown [s\open\src\hotspot\share\interpreter\linkResolver.cpp, line 773]
Event: 0.129 Thread 0x0000021b71c0af20 Exception <a 'java/lang/NoClassDefFoundError'{0x0000000712a88b88}: org/apache/log4j/Category> (0x0000000712a88b88) 
thrown [s\open\src\hotspot\share\classfile\systemDictionary.cpp, line 301]

ZGC Phase Switch (0 events):
No events

VM Operations (2 events):
Event: 0.127 Executing VM operation: HandshakeAllThreads (Deoptimize)
Event: 0.127 Executing VM operation: HandshakeAllThreads (Deoptimize) done

Events (13 events):
Event: 0.017 Thread 0x0000021b71c0af20 Thread added: 0x0000021b71c0af20
Event: 0.026 Thread 0x0000021b7f8cdbe0 Thread added: 0x0000021b7f8cdbe0
Event: 0.027 Thread 0x0000021b7f8cfb10 Thread added: 0x0000021b7f8cfb10
Event: 0.027 Thread 0x0000021b7f8d19d0 Thread added: 0x0000021b7f8d19d0
Event: 0.027 Thread 0x0000021b7f8d4c40 Thread added: 0x0000021b7f8d4c40
Event: 0.027 Thread 0x0000021b7f8d5ed0 Thread added: 0x0000021b7f8d5ed0
Event: 0.027 Thread 0x0000021b7f8d6d80 Thread added: 0x0000021b7f8d6d80
Event: 0.027 Thread 0x0000021b7f8e2f70 Thread added: 0x0000021b7f8e2f70
Event: 0.027 Thread 0x0000021b7f8e92c0 Thread added: 0x0000021b7f8e92c0
Event: 0.043 Thread 0x0000021b56101c20 Thread added: 0x0000021b56101c20
Event: 0.082 Thread 0x0000021b5625a1e0 Thread added: 0x0000021b5625a1e0
Event: 0.082 Thread 0x0000021b562c95d0 Thread added: 0x0000021b562c95d0
Event: 0.148 Thread 0x0000021b563e36d0 Thread added: 0x0000021b563e36d0


Dynamic libraries:
0x00007ff618580000 - 0x00007ff61858e000 	C:\Users\sukhi\.jdks\openjdk-21.0.2\bin\java.exe
0x00007ff806090000 - 0x00007ff806288000 	C:\Windows\SYSTEM32\ntdll.dll
0x00007ff8047f0000 - 0x00007ff8048ad000 	C:\Windows\System32\KERNEL32.DLL
0x00007ff803dc0000 - 0x00007ff8040b6000 	C:\Windows\System32\KERNELBASE.dll
0x00007ff803a80000 - 0x00007ff803b80000 	C:\Windows\System32\ucrtbase.dll
0x00007ffff1fb0000 - 0x00007ffff1fcb000 	C:\Users\sukhi\.jdks\openjdk-21.0.2\bin\VCRUNTIME140.dll
0x00007ffff1f90000 - 0x00007ffff1fa8000 	C:\Users\sukhi\.jdks\openjdk-21.0.2\bin\jli.dll
0x00007ff804970000 - 0x00007ff804b0e000 	C:\Windows\System32\USER32.dll
0x00007ff803c30000 - 0x00007ff803c52000 	C:\Windows\System32\win32u.dll
0x00007fffed690000 - 0x00007fffed92a000 	C:\Windows\WinSxS\amd64_microsoft.windows.common-controls_6595b64144ccf1df_6.0.19041.3636_none_60b6a03d71f818d5\COMCTL32.dll
0x00007ff804940000 - 0x00007ff80496b000 	C:\Windows\System32\GDI32.dll
0x00007ff804750000 - 0x00007ff8047ee000 	C:\Windows\System32\msvcrt.dll
0x00007ff803800000 - 0x00007ff803917000 	C:\Windows\System32\gdi32full.dll
0x00007ff803c60000 - 0x00007ff803cfd000 	C:\Windows\System32\msvcp_win.dll
0x00007ff8044d0000 - 0x00007ff804502000 	C:\Windows\System32\IMM32.DLL
0x00007ffffb6c0000 - 0x00007ffffb6cc000 	C:\Users\sukhi\.jdks\openjdk-21.0.2\bin\vcruntime140_1.dll
0x00007fffda920000 - 0x00007fffda9ae000 	C:\Users\sukhi\.jdks\openjdk-21.0.2\bin\msvcp140.dll
0x00007fff9af70000 - 0x00007fff9bc87000 	C:\Users\sukhi\.jdks\openjdk-21.0.2\bin\server\jvm.dll
0x00007ff805650000 - 0x00007ff805700000 	C:\Windows\System32\ADVAPI32.dll
0x00007ff805fb0000 - 0x00007ff806050000 	C:\Windows\System32\sechost.dll
0x00007ff804120000 - 0x00007ff804245000 	C:\Windows\System32\RPCRT4.dll
0x00007ff803740000 - 0x00007ff803767000 	C:\Windows\System32\bcrypt.dll
0x00007ff804b10000 - 0x00007ff804b7b000 	C:\Windows\System32\WS2_32.dll
0x00007ff802c90000 - 0x00007ff802cdb000 	C:\Windows\SYSTEM32\POWRPROF.dll
0x00007ffff0c50000 - 0x00007ffff0c5a000 	C:\Windows\SYSTEM32\VERSION.dll
0x00007ffff7ab0000 - 0x00007ffff7ad7000 	C:\Windows\SYSTEM32\WINMM.dll
0x00007ff802b50000 - 0x00007ff802b62000 	C:\Windows\SYSTEM32\UMPDC.dll
0x00007ff8015d0000 - 0x00007ff8015e2000 	C:\Windows\SYSTEM32\kernel.appcore.dll
0x00007ffffa2e0000 - 0x00007ffffa2ea000 	C:\Users\sukhi\.jdks\openjdk-21.0.2\bin\jimage.dll
0x00007ff800ce0000 - 0x00007ff800ec4000 	C:\Windows\SYSTEM32\DBGHELP.DLL
0x00007ffff7a70000 - 0x00007ffff7aa4000 	C:\Windows\SYSTEM32\dbgcore.DLL
0x00007ff803770000 - 0x00007ff8037f2000 	C:\Windows\System32\bcryptPrimitives.dll
0x00007ffff9740000 - 0x00007ffff974f000 	C:\Users\sukhi\.jdks\openjdk-21.0.2\bin\instrument.dll
0x00007ffff13b0000 - 0x00007ffff13cf000 	C:\Users\sukhi\.jdks\openjdk-21.0.2\bin\java.dll
0x00007ff804b80000 - 0x00007ff8052eb000 	C:\Windows\System32\SHELL32.dll
0x00007ff8017f0000 - 0x00007ff801f8e000 	C:\Windows\SYSTEM32\windows.storage.dll
0x00007ff8052f0000 - 0x00007ff805643000 	C:\Windows\System32\combase.dll
0x00007ff803170000 - 0x00007ff80319e000 	C:\Windows\SYSTEM32\Wldp.dll
0x00007ff805790000 - 0x00007ff80585d000 	C:\Windows\System32\OLEAUT32.dll
0x00007ff805860000 - 0x00007ff80590d000 	C:\Windows\System32\SHCORE.dll
0x00007ff805720000 - 0x00007ff805775000 	C:\Windows\System32\shlwapi.dll
0x00007ff803670000 - 0x00007ff803695000 	C:\Windows\SYSTEM32\profapi.dll
0x00007fffd4050000 - 0x00007fffd4127000 	C:\Users\sukhi\.jdks\openjdk-21.0.2\bin\jsvml.dll
0x00007ffff0cc0000 - 0x00007ffff0cd8000 	C:\Users\sukhi\.jdks\openjdk-21.0.2\bin\zip.dll
0x00007ffff36b0000 - 0x00007ffff36c0000 	C:\Users\sukhi\.jdks\openjdk-21.0.2\bin\net.dll
0x00007ffffa770000 - 0x00007ffffa87a000 	C:\Windows\SYSTEM32\WINHTTP.dll
0x00007ff802ed0000 - 0x00007ff802f3a000 	C:\Windows\system32\mswsock.dll
0x00007fffece40000 - 0x00007fffece56000 	C:\Users\sukhi\.jdks\openjdk-21.0.2\bin\nio.dll
0x00007fffe9d60000 - 0x00007fffe9d7a000 	C:\Users\sukhi\AppData\Local\JetBrains\Toolbox\apps\IDEA-C\ch-0\221.5591.52\bin\breakgen64.dll
0x00007ffff31c0000 - 0x00007ffff31c9000 	C:\Users\sukhi\.jdks\openjdk-21.0.2\bin\extnet.dll
0x00007ffff2b20000 - 0x00007ffff2b30000 	C:\Users\sukhi\.jdks\openjdk-21.0.2\bin\verify.dll
0x0000000071100000 - 0x0000000071125000 	C:\Users\sukhi\.jssc\windows\jSSC-2.8_x86_64.dll

dbghelp: loaded successfully - version: 4.0.5 - missing functions: none
symbol engine: initialized successfully - sym options: 0x614 - pdb path: .;C:\Users\sukhi\.jdks\openjdk-21.0.2\bin;C:\Windows\SYSTEM32;C:\Windows\WinSxS\amd64_microsoft.windows.common-controls_6595b64144ccf1df_6.0.19041.3636_none_60b6a03d71f818d5;C:\Users\sukhi\.jdks\openjdk-21.0.2\bin\server;C:\Users\sukhi\AppData\Local\JetBrains\Toolbox\apps\IDEA-C\ch-0\221.5591.52\bin;C:\Users\sukhi\.jssc\windows

VM Arguments:
jvm_args: -javaagent:C:\Users\sukhi\AppData\Local\JetBrains\Toolbox\apps\IDEA-C\ch-0\221.5591.52\lib\idea_rt.jar=53700:C:\Users\sukhi\AppData\Local\JetBrains\Toolbox\apps\IDEA-C\ch-0\221.5591.52\bin -Dfile.encoding=UTF-8 
java_command: MainClass
java_class_path (initial): C:\Users\sukhi\IdeaProjects\BonusProject\out\production\BonusProject;C:\Users\sukhi\.m2\repository\com\github\kurbatov\firmata4j\2.3.8\firmata4j-2.3.8.jar;C:\Users\sukhi\.m2\repository\org\scream3r\jssc\2.8.0\jssc-2.8.0.jar;C:\Users\sukhi\.m2\repository\org\slf4j\slf4j-api\1.7.25\slf4j-api-1.7.25.jar;C:\Users\sukhi\.m2\repository\io\github\java-native\jssc\2.9.4\jssc-2.9.4.jar;C:\Users\sukhi\.m2\repository\org\scijava\native-lib-loader\2.3.6\native-lib-loader-2.3.6.jar;C:\Users\sukhi\.m2\repository\org\slf4j\slf4j-api\1.7.30\slf4j-api-1.7.30.jar;C:\Users\sukhi\.m2\repository\junit\junit\4.13.2\junit-4.13.2.jar;C:\Users\sukhi\.m2\repository\org\hamcrest\hamcrest-core\1.3\hamcrest-core-1.3.jar;C:\Users\sukhi\.m2\repository\org\slf4j\slf4j-jcl\1.7.3\slf4j-jcl-1.7.3.jar;C:\Users\sukhi\.m2\repository\org\slf4j\slf4j-api\1.7.3\slf4j-api-1.7.3.jar;C:\Users\sukhi\.m2\repository\commons-logging\commons-logging\1.1.1\commons-logging-1.1.1.jar;C:\Users\sukhi\Downloads\jfreechart-1.5.3.jar
Launcher Type: SUN_STANDARD

[Global flags]
     intx CICompilerCount                          = 4                                         {product} {ergonomic}
     uint ConcGCThreads                            = 2                                         {product} {ergonomic}
     uint G1ConcRefinementThreads                  = 8                                         {product} {ergonomic}
   size_t G1HeapRegionSize                         = 2097152                                   {product} {ergonomic}
    uintx GCDrainStackTargetSize                   = 64                                        {product} {ergonomic}
   size_t InitialHeapSize                          = 266338304                                 {product} {ergonomic}
   size_t MarkStackSize                            = 4194304                                   {product} {ergonomic}
   size_t MaxHeapSize                              = 4242538496                                {product} {ergonomic}
   size_t MaxNewSize                               = 2543845376                                {product} {ergonomic}
   size_t MinHeapDeltaBytes                        = 2097152                                   {product} {ergonomic}
   size_t MinHeapSize                              = 8388608                                   {product} {ergonomic}
    uintx NonNMethodCodeHeapSize                   = 5839372                                {pd product} {ergonomic}
    uintx NonProfiledCodeHeapSize                  = 122909434                              {pd product} {ergonomic}
    uintx ProfiledCodeHeapSize                     = 122909434                              {pd product} {ergonomic}
    uintx ReservedCodeCacheSize                    = 251658240                              {pd product} {ergonomic}
     bool SegmentedCodeCache                       = true                                      {product} {ergonomic}
   size_t SoftMaxHeapSize                          = 4242538496                             {manageable} {ergonomic}
     bool UseCompressedOops                        = true                           {product lp64_product} {ergonomic}
     bool UseG1GC                                  = true                                      {product} {ergonomic}
     bool UseLargePagesIndividualAllocation        = false                                  {pd product} {ergonomic}

Logging:
Log output configuration:
 #0: stdout all=warning uptime,level,tags foldmultilines=false
 #1: stderr all=off uptime,level,tags foldmultilines=false

Environment Variables:
PATH=C:\Program Files\Common Files\Oracle\Java\javapath;C:\Program Files (x86)\Common Files\Oracle\Java\javapath;C:\Program Files (x86)\Razer Chroma SDK\bin;C:\Program Files\Razer Chroma SDK\bin;C:\Program Files (x86)\Razer\ChromaBroadcast\bin;C:\Program Files\Razer\ChromaBroadcast\bin;C:\Windows\system32;C:\Windows;C:\Windows\System32\Wbem;C:\Windows\System32\WindowsPowerShell\v1.0\;C:\Windows\System32\OpenSSH\;C:\Program Files\Microsoft SQL Server\120\Tools\Binn\;C:\Windows\system32\config\systemprofile\AppData\Local\Microsoft\WindowsApps;C:\Program Files\MATLAB\R2022a\bin;C:\Program Files\MATLAB\R2021b\bin;C:\Program Files\Git\cmd;C:\Users\sukhi\AppData\Local\Microsoft\WindowsApps;C:\Users\sukhi\AppData\Local\JetBrains\Toolbox\scripts;C:\Users\sukhi\AppData\Local\Programs\Microsoft VS Code\bin;C:\Users\sukhi\Documents\flutter_dev\flutter_windows_3.3.10-stable.zip\flutter\bin;C:\Users\sukhi\Documents\flutter_dev\flutter\bin;C:\Program Files (x86)\Java\jre1.8.0_351\bin;C:\Program Files\Java\jdk-19\bin;C:\Users\sukhi\AppData\Local\GitHubDesktop\bin;C:\iverilog\bin;C:\iverilog\gtkwave\bin
USERNAME=sukhi
OS=Windows_NT
PROCESSOR_IDENTIFIER=Intel64 Family 6 Model 140 Stepping 1, GenuineIntel
TMP=C:\Users\sukhi\AppData\Local\Temp
TEMP=C:\Users\sukhi\AppData\Local\Temp




Periodic native trim disabled

---------------  S Y S T E M  ---------------

OS:
 Windows 10 , 64 bit Build 19041 (10.0.19041.3636)
OS uptime: 7 days 4:58 hours

CPU: total 8 (initial active 8) (4 cores per cpu, 2 threads per core) family 6 model 140 stepping 1 microcode 0x7e, cx8, cmov, fxsr, ht, mmx, 3dnowpref, sse, sse2, sse3, ssse3, sse4.1, sse4.2, popcnt, lzcnt, tsc, tscinvbit, avx, avx2, aes, erms, clmul, bmi1, bmi2, adx, avx512f, avx512dq, avx512cd, avx512bw, avx512vl, sha, fma, vzeroupper, avx512_vpopcntdq, avx512_vpclmulqdq, avx512_vaes, avx512_vnni, clflush, clflushopt, clwb, avx512_vbmi2, avx512_vbmi, rdtscp, rdpid, fsrm, gfni, avx512_bitalg, f16c, pku, cet_ibt, cet_ss, avx512_ifma
Processor Information for all 8 processors :
  Max Mhz: 2803, Current Mhz: 2803, Mhz Limit: 2803

Memory: 4k page, system-wide physical 16183M (5796M free)
TotalPageFile size 18615M (AvailPageFile size 5942M)
current process WorkingSet (physical memory assigned to process): 44M, peak: 44M
current process commit charge ("private bytes"): 341M, peak: 341M

vm_info: OpenJDK 64-Bit Server VM (21.0.2+13-58) for windows-amd64 JRE (21.0.2+13-58), built on 2024-01-05T18:32:24Z by "mach5one" with MS VC++ 17.1 (VS2022)

END.
